{"/Users/timoshiu/github/connect_four/src/App.tsx": {"path":"/Users/timoshiu/github/connect_four/src/App.tsx","all":false,"statementMap":{"0":{"start":{"line":1,"column":0},"end":{"line":1,"column":13}},"1":{"start":{"line":2,"column":0},"end":{"line":2,"column":0}},"2":{"start":{"line":3,"column":0},"end":{"line":3,"column":57}},"3":{"start":{"line":4,"column":0},"end":{"line":4,"column":77}},"4":{"start":{"line":5,"column":0},"end":{"line":5,"column":0}},"5":{"start":{"line":6,"column":0},"end":{"line":6,"column":24}},"6":{"start":{"line":7,"column":0},"end":{"line":7,"column":18}},"7":{"start":{"line":8,"column":0},"end":{"line":8,"column":14}},"8":{"start":{"line":9,"column":0},"end":{"line":9,"column":1}},"9":{"start":{"line":10,"column":0},"end":{"line":10,"column":0}},"10":{"start":{"line":11,"column":0},"end":{"line":11,"column":27}},"11":{"start":{"line":12,"column":0},"end":{"line":12,"column":18}},"12":{"start":{"line":13,"column":0},"end":{"line":13,"column":18}},"13":{"start":{"line":14,"column":0},"end":{"line":14,"column":14}},"14":{"start":{"line":15,"column":0},"end":{"line":15,"column":1}},"15":{"start":{"line":16,"column":0},"end":{"line":16,"column":0}},"16":{"start":{"line":17,"column":0},"end":{"line":17,"column":32}},"17":{"start":{"line":18,"column":0},"end":{"line":18,"column":14}},"18":{"start":{"line":19,"column":0},"end":{"line":19,"column":14}},"19":{"start":{"line":20,"column":0},"end":{"line":20,"column":1}},"20":{"start":{"line":21,"column":0},"end":{"line":21,"column":0}},"21":{"start":{"line":22,"column":0},"end":{"line":22,"column":50}},"22":{"start":{"line":23,"column":0},"end":{"line":23,"column":23}},"23":{"start":{"line":24,"column":0},"end":{"line":24,"column":1}},"24":{"start":{"line":25,"column":0},"end":{"line":25,"column":0}},"25":{"start":{"line":26,"column":0},"end":{"line":26,"column":32}},"26":{"start":{"line":27,"column":0},"end":{"line":27,"column":15}},"27":{"start":{"line":28,"column":0},"end":{"line":28,"column":17}},"28":{"start":{"line":29,"column":0},"end":{"line":29,"column":14}},"29":{"start":{"line":30,"column":0},"end":{"line":30,"column":16}},"30":{"start":{"line":31,"column":0},"end":{"line":31,"column":7}},"31":{"start":{"line":32,"column":0},"end":{"line":32,"column":57}},"32":{"start":{"line":33,"column":0},"end":{"line":33,"column":58}},"33":{"start":{"line":34,"column":0},"end":{"line":34,"column":55}},"34":{"start":{"line":35,"column":0},"end":{"line":35,"column":61}},"35":{"start":{"line":36,"column":0},"end":{"line":36,"column":52}},"36":{"start":{"line":37,"column":0},"end":{"line":37,"column":64}},"37":{"start":{"line":38,"column":0},"end":{"line":38,"column":69}},"38":{"start":{"line":39,"column":0},"end":{"line":39,"column":78}},"39":{"start":{"line":40,"column":0},"end":{"line":40,"column":56}},"40":{"start":{"line":41,"column":0},"end":{"line":41,"column":56}},"41":{"start":{"line":42,"column":0},"end":{"line":42,"column":33}},"42":{"start":{"line":43,"column":0},"end":{"line":43,"column":4}},"43":{"start":{"line":44,"column":0},"end":{"line":44,"column":52}},"44":{"start":{"line":45,"column":0},"end":{"line":45,"column":0}},"45":{"start":{"line":46,"column":0},"end":{"line":46,"column":69}},"46":{"start":{"line":47,"column":0},"end":{"line":47,"column":0}},"47":{"start":{"line":48,"column":0},"end":{"line":48,"column":35}},"48":{"start":{"line":49,"column":0},"end":{"line":49,"column":53}},"49":{"start":{"line":50,"column":0},"end":{"line":50,"column":11}},"50":{"start":{"line":51,"column":0},"end":{"line":51,"column":4}},"51":{"start":{"line":52,"column":0},"end":{"line":52,"column":0}},"52":{"start":{"line":53,"column":0},"end":{"line":53,"column":36}},"53":{"start":{"line":54,"column":0},"end":{"line":54,"column":54}},"54":{"start":{"line":55,"column":0},"end":{"line":55,"column":12}},"55":{"start":{"line":56,"column":0},"end":{"line":56,"column":4}},"56":{"start":{"line":57,"column":0},"end":{"line":57,"column":33}},"57":{"start":{"line":58,"column":0},"end":{"line":58,"column":51}},"58":{"start":{"line":59,"column":0},"end":{"line":59,"column":9}},"59":{"start":{"line":60,"column":0},"end":{"line":60,"column":4}},"60":{"start":{"line":61,"column":0},"end":{"line":61,"column":0}},"61":{"start":{"line":62,"column":0},"end":{"line":62,"column":10}},"62":{"start":{"line":63,"column":0},"end":{"line":63,"column":10}},"63":{"start":{"line":64,"column":0},"end":{"line":64,"column":13}},"64":{"start":{"line":65,"column":0},"end":{"line":65,"column":14}},"65":{"start":{"line":66,"column":0},"end":{"line":66,"column":11}},"66":{"start":{"line":67,"column":0},"end":{"line":67,"column":14}},"67":{"start":{"line":68,"column":0},"end":{"line":68,"column":10}},"68":{"start":{"line":69,"column":0},"end":{"line":69,"column":13}},"69":{"start":{"line":70,"column":0},"end":{"line":70,"column":11}},"70":{"start":{"line":71,"column":0},"end":{"line":71,"column":9}},"71":{"start":{"line":72,"column":0},"end":{"line":72,"column":12}},"72":{"start":{"line":73,"column":0},"end":{"line":73,"column":11}},"73":{"start":{"line":74,"column":0},"end":{"line":74,"column":14}},"74":{"start":{"line":75,"column":0},"end":{"line":75,"column":12}},"75":{"start":{"line":76,"column":0},"end":{"line":76,"column":8}},"76":{"start":{"line":77,"column":0},"end":{"line":77,"column":11}},"77":{"start":{"line":78,"column":0},"end":{"line":78,"column":9}},"78":{"start":{"line":79,"column":0},"end":{"line":79,"column":11}},"79":{"start":{"line":80,"column":0},"end":{"line":80,"column":14}},"80":{"start":{"line":81,"column":0},"end":{"line":81,"column":11}},"81":{"start":{"line":82,"column":0},"end":{"line":82,"column":14}},"82":{"start":{"line":83,"column":0},"end":{"line":83,"column":18}},"83":{"start":{"line":84,"column":0},"end":{"line":84,"column":14}},"84":{"start":{"line":85,"column":0},"end":{"line":85,"column":23}},"85":{"start":{"line":86,"column":0},"end":{"line":86,"column":26}},"86":{"start":{"line":87,"column":0},"end":{"line":87,"column":4}},"87":{"start":{"line":88,"column":0},"end":{"line":88,"column":2}},"88":{"start":{"line":89,"column":0},"end":{"line":89,"column":0}},"89":{"start":{"line":90,"column":0},"end":{"line":90,"column":53}},"90":{"start":{"line":91,"column":0},"end":{"line":91,"column":0}},"91":{"start":{"line":92,"column":0},"end":{"line":92,"column":31}},"92":{"start":{"line":93,"column":0},"end":{"line":93,"column":0}},"93":{"start":{"line":94,"column":0},"end":{"line":94,"column":39}},"94":{"start":{"line":95,"column":0},"end":{"line":95,"column":14}},"95":{"start":{"line":96,"column":0},"end":{"line":96,"column":26}},"96":{"start":{"line":97,"column":0},"end":{"line":97,"column":19}},"97":{"start":{"line":98,"column":0},"end":{"line":98,"column":15}},"98":{"start":{"line":99,"column":0},"end":{"line":99,"column":27}},"99":{"start":{"line":100,"column":0},"end":{"line":100,"column":11}},"100":{"start":{"line":101,"column":0},"end":{"line":101,"column":26}},"101":{"start":{"line":102,"column":0},"end":{"line":102,"column":13}},"102":{"start":{"line":103,"column":0},"end":{"line":103,"column":10}},"103":{"start":{"line":104,"column":0},"end":{"line":104,"column":25}},"104":{"start":{"line":105,"column":0},"end":{"line":105,"column":12}},"105":{"start":{"line":106,"column":0},"end":{"line":106,"column":27}},"106":{"start":{"line":107,"column":0},"end":{"line":107,"column":14}},"107":{"start":{"line":108,"column":0},"end":{"line":108,"column":9}},"108":{"start":{"line":109,"column":0},"end":{"line":109,"column":24}},"109":{"start":{"line":110,"column":0},"end":{"line":110,"column":11}},"110":{"start":{"line":111,"column":0},"end":{"line":111,"column":27}},"111":{"start":{"line":112,"column":0},"end":{"line":112,"column":27}},"112":{"start":{"line":113,"column":0},"end":{"line":113,"column":13}},"113":{"start":{"line":114,"column":0},"end":{"line":114,"column":27}},"114":{"start":{"line":115,"column":0},"end":{"line":115,"column":60}},"115":{"start":{"line":116,"column":0},"end":{"line":116,"column":31}},"116":{"start":{"line":117,"column":0},"end":{"line":117,"column":27}},"117":{"start":{"line":118,"column":0},"end":{"line":118,"column":39}},"118":{"start":{"line":119,"column":0},"end":{"line":119,"column":2}},"119":{"start":{"line":120,"column":0},"end":{"line":120,"column":0}},"120":{"start":{"line":121,"column":0},"end":{"line":121,"column":65}},"121":{"start":{"line":122,"column":0},"end":{"line":122,"column":0}},"122":{"start":{"line":123,"column":0},"end":{"line":123,"column":57}},"123":{"start":{"line":124,"column":0},"end":{"line":124,"column":0}},"124":{"start":{"line":125,"column":0},"end":{"line":125,"column":72}},"125":{"start":{"line":126,"column":0},"end":{"line":126,"column":79}},"126":{"start":{"line":127,"column":0},"end":{"line":127,"column":2}},"127":{"start":{"line":128,"column":0},"end":{"line":128,"column":0}},"128":{"start":{"line":129,"column":0},"end":{"line":129,"column":68}},"129":{"start":{"line":130,"column":0},"end":{"line":130,"column":68}},"130":{"start":{"line":131,"column":0},"end":{"line":131,"column":41}},"131":{"start":{"line":132,"column":0},"end":{"line":132,"column":18}},"132":{"start":{"line":133,"column":0},"end":{"line":133,"column":3}},"133":{"start":{"line":134,"column":0},"end":{"line":134,"column":0}},"134":{"start":{"line":135,"column":0},"end":{"line":135,"column":20}},"135":{"start":{"line":136,"column":0},"end":{"line":136,"column":68}},"136":{"start":{"line":137,"column":0},"end":{"line":137,"column":24}},"137":{"start":{"line":138,"column":0},"end":{"line":138,"column":20}},"138":{"start":{"line":139,"column":0},"end":{"line":139,"column":2}},"139":{"start":{"line":140,"column":0},"end":{"line":140,"column":0}},"140":{"start":{"line":141,"column":0},"end":{"line":141,"column":78}},"141":{"start":{"line":142,"column":0},"end":{"line":142,"column":31}},"142":{"start":{"line":143,"column":0},"end":{"line":143,"column":60}},"143":{"start":{"line":144,"column":0},"end":{"line":144,"column":2}},"144":{"start":{"line":145,"column":0},"end":{"line":145,"column":0}},"145":{"start":{"line":146,"column":0},"end":{"line":146,"column":32}},"146":{"start":{"line":147,"column":0},"end":{"line":147,"column":20}},"147":{"start":{"line":148,"column":0},"end":{"line":148,"column":13}},"148":{"start":{"line":149,"column":0},"end":{"line":149,"column":21}},"149":{"start":{"line":150,"column":0},"end":{"line":150,"column":41}},"150":{"start":{"line":151,"column":0},"end":{"line":151,"column":0}},"151":{"start":{"line":152,"column":0},"end":{"line":152,"column":21}},"152":{"start":{"line":153,"column":0},"end":{"line":153,"column":33}},"153":{"start":{"line":154,"column":0},"end":{"line":154,"column":22}},"154":{"start":{"line":155,"column":0},"end":{"line":155,"column":27}},"155":{"start":{"line":156,"column":0},"end":{"line":156,"column":0}},"156":{"start":{"line":157,"column":0},"end":{"line":157,"column":28}},"157":{"start":{"line":158,"column":0},"end":{"line":158,"column":60}},"158":{"start":{"line":159,"column":0},"end":{"line":159,"column":20}},"159":{"start":{"line":160,"column":0},"end":{"line":160,"column":33}},"160":{"start":{"line":161,"column":0},"end":{"line":161,"column":16}},"161":{"start":{"line":162,"column":0},"end":{"line":162,"column":3}},"162":{"start":{"line":163,"column":0},"end":{"line":163,"column":0}},"163":{"start":{"line":164,"column":0},"end":{"line":164,"column":30}},"164":{"start":{"line":165,"column":0},"end":{"line":165,"column":2}},"165":{"start":{"line":166,"column":0},"end":{"line":166,"column":0}},"166":{"start":{"line":167,"column":0},"end":{"line":167,"column":39}},"167":{"start":{"line":168,"column":0},"end":{"line":168,"column":21}},"168":{"start":{"line":169,"column":0},"end":{"line":169,"column":14}},"169":{"start":{"line":170,"column":0},"end":{"line":170,"column":16}},"170":{"start":{"line":171,"column":0},"end":{"line":171,"column":1}},"171":{"start":{"line":172,"column":0},"end":{"line":172,"column":0}},"172":{"start":{"line":173,"column":0},"end":{"line":173,"column":51}},"173":{"start":{"line":174,"column":0},"end":{"line":174,"column":20}},"174":{"start":{"line":175,"column":0},"end":{"line":175,"column":49}},"175":{"start":{"line":176,"column":0},"end":{"line":176,"column":49}},"176":{"start":{"line":177,"column":0},"end":{"line":177,"column":15}},"177":{"start":{"line":178,"column":0},"end":{"line":178,"column":69}},"178":{"start":{"line":179,"column":0},"end":{"line":179,"column":69}},"179":{"start":{"line":180,"column":0},"end":{"line":180,"column":0}},"180":{"start":{"line":181,"column":0},"end":{"line":181,"column":30}},"181":{"start":{"line":182,"column":0},"end":{"line":182,"column":26}},"182":{"start":{"line":183,"column":0},"end":{"line":183,"column":78}},"183":{"start":{"line":184,"column":0},"end":{"line":184,"column":31}},"184":{"start":{"line":185,"column":0},"end":{"line":185,"column":27}},"185":{"start":{"line":186,"column":0},"end":{"line":186,"column":78}},"186":{"start":{"line":187,"column":0},"end":{"line":187,"column":0}},"187":{"start":{"line":188,"column":0},"end":{"line":188,"column":80}},"188":{"start":{"line":189,"column":0},"end":{"line":189,"column":75}},"189":{"start":{"line":190,"column":0},"end":{"line":190,"column":21}},"190":{"start":{"line":191,"column":0},"end":{"line":191,"column":19}},"191":{"start":{"line":192,"column":0},"end":{"line":192,"column":7}},"192":{"start":{"line":193,"column":0},"end":{"line":193,"column":0}},"193":{"start":{"line":194,"column":0},"end":{"line":194,"column":54}},"194":{"start":{"line":195,"column":0},"end":{"line":195,"column":62}},"195":{"start":{"line":196,"column":0},"end":{"line":196,"column":38}},"196":{"start":{"line":197,"column":0},"end":{"line":197,"column":7}},"197":{"start":{"line":198,"column":0},"end":{"line":198,"column":42}},"198":{"start":{"line":199,"column":0},"end":{"line":199,"column":12}},"199":{"start":{"line":200,"column":0},"end":{"line":200,"column":4}},"200":{"start":{"line":201,"column":0},"end":{"line":201,"column":0}},"201":{"start":{"line":202,"column":0},"end":{"line":202,"column":43}},"202":{"start":{"line":203,"column":0},"end":{"line":203,"column":28}},"203":{"start":{"line":204,"column":0},"end":{"line":204,"column":2}},"204":{"start":{"line":205,"column":0},"end":{"line":205,"column":0}},"205":{"start":{"line":206,"column":0},"end":{"line":206,"column":80}},"206":{"start":{"line":207,"column":0},"end":{"line":207,"column":41}},"207":{"start":{"line":208,"column":0},"end":{"line":208,"column":29}},"208":{"start":{"line":209,"column":0},"end":{"line":209,"column":0}},"209":{"start":{"line":210,"column":0},"end":{"line":210,"column":53}},"210":{"start":{"line":211,"column":0},"end":{"line":211,"column":0}},"211":{"start":{"line":212,"column":0},"end":{"line":212,"column":10}},"212":{"start":{"line":213,"column":0},"end":{"line":213,"column":39}},"213":{"start":{"line":214,"column":0},"end":{"line":214,"column":11}},"214":{"start":{"line":215,"column":0},"end":{"line":215,"column":52}},"215":{"start":{"line":216,"column":0},"end":{"line":216,"column":53}},"216":{"start":{"line":217,"column":0},"end":{"line":217,"column":8}},"217":{"start":{"line":218,"column":0},"end":{"line":218,"column":39}},"218":{"start":{"line":219,"column":0},"end":{"line":219,"column":11}},"219":{"start":{"line":220,"column":0},"end":{"line":220,"column":49}},"220":{"start":{"line":221,"column":0},"end":{"line":221,"column":54}},"221":{"start":{"line":222,"column":0},"end":{"line":222,"column":8}},"222":{"start":{"line":223,"column":0},"end":{"line":223,"column":39}},"223":{"start":{"line":224,"column":0},"end":{"line":224,"column":11}},"224":{"start":{"line":225,"column":0},"end":{"line":225,"column":67}},"225":{"start":{"line":226,"column":0},"end":{"line":226,"column":65}},"226":{"start":{"line":227,"column":0},"end":{"line":227,"column":8}},"227":{"start":{"line":228,"column":0},"end":{"line":228,"column":39}},"228":{"start":{"line":229,"column":0},"end":{"line":229,"column":11}},"229":{"start":{"line":230,"column":0},"end":{"line":230,"column":60}},"230":{"start":{"line":231,"column":0},"end":{"line":231,"column":67}},"231":{"start":{"line":232,"column":0},"end":{"line":232,"column":5}},"232":{"start":{"line":233,"column":0},"end":{"line":233,"column":4}},"233":{"start":{"line":234,"column":0},"end":{"line":234,"column":2}},"234":{"start":{"line":235,"column":0},"end":{"line":235,"column":0}},"235":{"start":{"line":236,"column":0},"end":{"line":236,"column":29}},"236":{"start":{"line":237,"column":0},"end":{"line":237,"column":20}},"237":{"start":{"line":238,"column":0},"end":{"line":238,"column":14}},"238":{"start":{"line":239,"column":0},"end":{"line":239,"column":32}},"239":{"start":{"line":240,"column":0},"end":{"line":240,"column":12}},"240":{"start":{"line":241,"column":0},"end":{"line":241,"column":78}},"241":{"start":{"line":242,"column":0},"end":{"line":242,"column":28}},"242":{"start":{"line":243,"column":0},"end":{"line":243,"column":11}},"243":{"start":{"line":244,"column":0},"end":{"line":244,"column":3}},"244":{"start":{"line":245,"column":0},"end":{"line":245,"column":0}},"245":{"start":{"line":246,"column":0},"end":{"line":246,"column":41}},"246":{"start":{"line":247,"column":0},"end":{"line":247,"column":53}},"247":{"start":{"line":248,"column":0},"end":{"line":248,"column":20}},"248":{"start":{"line":249,"column":0},"end":{"line":249,"column":11}},"249":{"start":{"line":250,"column":0},"end":{"line":250,"column":3}},"250":{"start":{"line":251,"column":0},"end":{"line":251,"column":0}},"251":{"start":{"line":252,"column":0},"end":{"line":252,"column":47}},"252":{"start":{"line":253,"column":0},"end":{"line":253,"column":43}},"253":{"start":{"line":254,"column":0},"end":{"line":254,"column":61}},"254":{"start":{"line":255,"column":0},"end":{"line":255,"column":0}},"255":{"start":{"line":256,"column":0},"end":{"line":256,"column":73}},"256":{"start":{"line":257,"column":0},"end":{"line":257,"column":27}},"257":{"start":{"line":258,"column":0},"end":{"line":258,"column":34}},"258":{"start":{"line":259,"column":0},"end":{"line":259,"column":53}},"259":{"start":{"line":260,"column":0},"end":{"line":260,"column":2}},"260":{"start":{"line":261,"column":0},"end":{"line":261,"column":0}},"261":{"start":{"line":262,"column":0},"end":{"line":262,"column":60}},"262":{"start":{"line":263,"column":0},"end":{"line":263,"column":29}},"263":{"start":{"line":264,"column":0},"end":{"line":264,"column":33}},"264":{"start":{"line":265,"column":0},"end":{"line":265,"column":2}},"265":{"start":{"line":266,"column":0},"end":{"line":266,"column":0}},"266":{"start":{"line":267,"column":0},"end":{"line":267,"column":61}},"267":{"start":{"line":268,"column":0},"end":{"line":268,"column":29}},"268":{"start":{"line":269,"column":0},"end":{"line":269,"column":29}},"269":{"start":{"line":270,"column":0},"end":{"line":270,"column":2}},"270":{"start":{"line":271,"column":0},"end":{"line":271,"column":0}},"271":{"start":{"line":272,"column":0},"end":{"line":272,"column":49}},"272":{"start":{"line":273,"column":0},"end":{"line":273,"column":66}},"273":{"start":{"line":274,"column":0},"end":{"line":274,"column":16}},"274":{"start":{"line":275,"column":0},"end":{"line":275,"column":30}},"275":{"start":{"line":276,"column":0},"end":{"line":276,"column":18}},"276":{"start":{"line":277,"column":0},"end":{"line":277,"column":32}},"277":{"start":{"line":278,"column":0},"end":{"line":278,"column":2}},"278":{"start":{"line":279,"column":0},"end":{"line":279,"column":0}},"279":{"start":{"line":280,"column":0},"end":{"line":280,"column":41}},"280":{"start":{"line":281,"column":0},"end":{"line":281,"column":14}},"281":{"start":{"line":282,"column":0},"end":{"line":282,"column":14}},"282":{"start":{"line":283,"column":0},"end":{"line":283,"column":15}},"283":{"start":{"line":284,"column":0},"end":{"line":284,"column":47}},"284":{"start":{"line":285,"column":0},"end":{"line":285,"column":2}},"285":{"start":{"line":286,"column":0},"end":{"line":286,"column":0}},"286":{"start":{"line":287,"column":0},"end":{"line":287,"column":31}},"287":{"start":{"line":288,"column":0},"end":{"line":288,"column":14}},"288":{"start":{"line":289,"column":0},"end":{"line":289,"column":14}},"289":{"start":{"line":290,"column":0},"end":{"line":290,"column":23}},"290":{"start":{"line":291,"column":0},"end":{"line":291,"column":15}},"291":{"start":{"line":292,"column":0},"end":{"line":292,"column":21}},"292":{"start":{"line":293,"column":0},"end":{"line":293,"column":28}},"293":{"start":{"line":294,"column":0},"end":{"line":294,"column":60}},"294":{"start":{"line":295,"column":0},"end":{"line":295,"column":10}},"295":{"start":{"line":296,"column":0},"end":{"line":296,"column":45}},"296":{"start":{"line":297,"column":0},"end":{"line":297,"column":37}},"297":{"start":{"line":298,"column":0},"end":{"line":298,"column":24}},"298":{"start":{"line":299,"column":0},"end":{"line":299,"column":24}},"299":{"start":{"line":300,"column":0},"end":{"line":300,"column":25}},"300":{"start":{"line":301,"column":0},"end":{"line":301,"column":67}},"301":{"start":{"line":302,"column":0},"end":{"line":302,"column":4}},"302":{"start":{"line":303,"column":0},"end":{"line":303,"column":2}},"303":{"start":{"line":304,"column":0},"end":{"line":304,"column":0}},"304":{"start":{"line":305,"column":0},"end":{"line":305,"column":68}},"305":{"start":{"line":306,"column":0},"end":{"line":306,"column":39}},"306":{"start":{"line":307,"column":0},"end":{"line":307,"column":39}},"307":{"start":{"line":308,"column":0},"end":{"line":308,"column":29}},"308":{"start":{"line":309,"column":0},"end":{"line":309,"column":54}},"309":{"start":{"line":310,"column":0},"end":{"line":310,"column":8}},"310":{"start":{"line":311,"column":0},"end":{"line":311,"column":11}},"311":{"start":{"line":312,"column":0},"end":{"line":312,"column":16}},"312":{"start":{"line":313,"column":0},"end":{"line":313,"column":79}},"313":{"start":{"line":314,"column":0},"end":{"line":314,"column":7}},"314":{"start":{"line":315,"column":0},"end":{"line":315,"column":17}},"315":{"start":{"line":316,"column":0},"end":{"line":316,"column":14}},"316":{"start":{"line":317,"column":0},"end":{"line":317,"column":0}},"317":{"start":{"line":318,"column":0},"end":{"line":318,"column":10}},"318":{"start":{"line":319,"column":0},"end":{"line":319,"column":20}},"319":{"start":{"line":320,"column":0},"end":{"line":320,"column":24}},"320":{"start":{"line":321,"column":0},"end":{"line":321,"column":16}},"321":{"start":{"line":322,"column":0},"end":{"line":322,"column":25}},"322":{"start":{"line":323,"column":0},"end":{"line":323,"column":22}},"323":{"start":{"line":324,"column":0},"end":{"line":324,"column":4}},"324":{"start":{"line":325,"column":0},"end":{"line":325,"column":2}},"325":{"start":{"line":326,"column":0},"end":{"line":326,"column":0}},"326":{"start":{"line":327,"column":0},"end":{"line":327,"column":32}},"327":{"start":{"line":328,"column":0},"end":{"line":328,"column":36}},"328":{"start":{"line":329,"column":0},"end":{"line":329,"column":39}},"329":{"start":{"line":330,"column":0},"end":{"line":330,"column":36}},"330":{"start":{"line":331,"column":0},"end":{"line":331,"column":24}},"331":{"start":{"line":332,"column":0},"end":{"line":332,"column":0}},"332":{"start":{"line":333,"column":0},"end":{"line":333,"column":10}},"333":{"start":{"line":334,"column":0},"end":{"line":334,"column":6}},"334":{"start":{"line":335,"column":0},"end":{"line":335,"column":27}},"335":{"start":{"line":336,"column":0},"end":{"line":336,"column":27}},"336":{"start":{"line":337,"column":0},"end":{"line":337,"column":14}},"337":{"start":{"line":338,"column":0},"end":{"line":338,"column":48}},"338":{"start":{"line":339,"column":0},"end":{"line":339,"column":70}},"339":{"start":{"line":340,"column":0},"end":{"line":340,"column":51}},"340":{"start":{"line":341,"column":0},"end":{"line":341,"column":17}},"341":{"start":{"line":342,"column":0},"end":{"line":342,"column":10}},"342":{"start":{"line":343,"column":0},"end":{"line":343,"column":8}},"343":{"start":{"line":344,"column":0},"end":{"line":344,"column":7}},"344":{"start":{"line":345,"column":0},"end":{"line":345,"column":4}},"345":{"start":{"line":346,"column":0},"end":{"line":346,"column":2}},"346":{"start":{"line":347,"column":0},"end":{"line":347,"column":0}},"347":{"start":{"line":348,"column":0},"end":{"line":348,"column":33}},"348":{"start":{"line":349,"column":0},"end":{"line":349,"column":36}},"349":{"start":{"line":350,"column":0},"end":{"line":350,"column":32}},"350":{"start":{"line":351,"column":0},"end":{"line":351,"column":0}},"351":{"start":{"line":352,"column":0},"end":{"line":352,"column":10}},"352":{"start":{"line":353,"column":0},"end":{"line":353,"column":6}},"353":{"start":{"line":354,"column":0},"end":{"line":354,"column":44}},"354":{"start":{"line":355,"column":0},"end":{"line":355,"column":12}},"355":{"start":{"line":356,"column":0},"end":{"line":356,"column":46}},"356":{"start":{"line":357,"column":0},"end":{"line":357,"column":58}},"357":{"start":{"line":358,"column":0},"end":{"line":358,"column":15}},"358":{"start":{"line":359,"column":0},"end":{"line":359,"column":9}},"359":{"start":{"line":360,"column":0},"end":{"line":360,"column":7}},"360":{"start":{"line":361,"column":0},"end":{"line":361,"column":4}},"361":{"start":{"line":362,"column":0},"end":{"line":362,"column":2}},"362":{"start":{"line":363,"column":0},"end":{"line":363,"column":0}},"363":{"start":{"line":364,"column":0},"end":{"line":364,"column":68}},"364":{"start":{"line":365,"column":0},"end":{"line":365,"column":36}},"365":{"start":{"line":366,"column":0},"end":{"line":366,"column":29}},"366":{"start":{"line":367,"column":0},"end":{"line":367,"column":0}},"367":{"start":{"line":368,"column":0},"end":{"line":368,"column":60}},"368":{"start":{"line":369,"column":0},"end":{"line":369,"column":2}},"369":{"start":{"line":370,"column":0},"end":{"line":370,"column":0}},"370":{"start":{"line":371,"column":0},"end":{"line":371,"column":46}},"371":{"start":{"line":372,"column":0},"end":{"line":372,"column":26}},"372":{"start":{"line":373,"column":0},"end":{"line":373,"column":18}},"373":{"start":{"line":374,"column":0},"end":{"line":374,"column":40}},"374":{"start":{"line":375,"column":0},"end":{"line":375,"column":14}},"375":{"start":{"line":376,"column":0},"end":{"line":376,"column":16}},"376":{"start":{"line":377,"column":0},"end":{"line":377,"column":22}},"377":{"start":{"line":378,"column":0},"end":{"line":378,"column":2}},"378":{"start":{"line":379,"column":0},"end":{"line":379,"column":0}},"379":{"start":{"line":380,"column":0},"end":{"line":380,"column":52}},"380":{"start":{"line":381,"column":0},"end":{"line":381,"column":17}},"381":{"start":{"line":382,"column":0},"end":{"line":382,"column":25}},"382":{"start":{"line":383,"column":0},"end":{"line":383,"column":2}},"383":{"start":{"line":384,"column":0},"end":{"line":384,"column":0}},"384":{"start":{"line":385,"column":0},"end":{"line":385,"column":46}},"385":{"start":{"line":386,"column":0},"end":{"line":386,"column":18}},"386":{"start":{"line":387,"column":0},"end":{"line":387,"column":14}},"387":{"start":{"line":388,"column":0},"end":{"line":388,"column":22}},"388":{"start":{"line":389,"column":0},"end":{"line":389,"column":31}},"389":{"start":{"line":390,"column":0},"end":{"line":390,"column":37}},"390":{"start":{"line":391,"column":0},"end":{"line":391,"column":31}},"391":{"start":{"line":392,"column":0},"end":{"line":392,"column":35}},"392":{"start":{"line":393,"column":0},"end":{"line":393,"column":18}},"393":{"start":{"line":394,"column":0},"end":{"line":394,"column":4}},"394":{"start":{"line":395,"column":0},"end":{"line":395,"column":22}},"395":{"start":{"line":396,"column":0},"end":{"line":396,"column":2}},"396":{"start":{"line":397,"column":0},"end":{"line":397,"column":0}},"397":{"start":{"line":398,"column":0},"end":{"line":398,"column":33}},"398":{"start":{"line":399,"column":0},"end":{"line":399,"column":36}},"399":{"start":{"line":400,"column":0},"end":{"line":400,"column":78}},"400":{"start":{"line":401,"column":0},"end":{"line":401,"column":0}},"401":{"start":{"line":402,"column":0},"end":{"line":402,"column":10}},"402":{"start":{"line":403,"column":0},"end":{"line":403,"column":58}},"403":{"start":{"line":404,"column":0},"end":{"line":404,"column":35}},"404":{"start":{"line":405,"column":0},"end":{"line":405,"column":73}},"405":{"start":{"line":406,"column":0},"end":{"line":406,"column":67}},"406":{"start":{"line":407,"column":0},"end":{"line":407,"column":14}},"407":{"start":{"line":408,"column":0},"end":{"line":408,"column":53}},"408":{"start":{"line":409,"column":0},"end":{"line":409,"column":23}},"409":{"start":{"line":410,"column":0},"end":{"line":410,"column":24}},"410":{"start":{"line":411,"column":0},"end":{"line":411,"column":67}},"411":{"start":{"line":412,"column":0},"end":{"line":412,"column":10}},"412":{"start":{"line":413,"column":0},"end":{"line":413,"column":61}},"413":{"start":{"line":414,"column":0},"end":{"line":414,"column":14}},"414":{"start":{"line":415,"column":0},"end":{"line":415,"column":50}},"415":{"start":{"line":416,"column":0},"end":{"line":416,"column":23}},"416":{"start":{"line":417,"column":0},"end":{"line":417,"column":21}},"417":{"start":{"line":418,"column":0},"end":{"line":418,"column":64}},"418":{"start":{"line":419,"column":0},"end":{"line":419,"column":10}},"419":{"start":{"line":420,"column":0},"end":{"line":420,"column":65}},"420":{"start":{"line":421,"column":0},"end":{"line":421,"column":14}},"421":{"start":{"line":422,"column":0},"end":{"line":422,"column":52}},"422":{"start":{"line":423,"column":0},"end":{"line":423,"column":23}},"423":{"start":{"line":424,"column":0},"end":{"line":424,"column":23}},"424":{"start":{"line":425,"column":0},"end":{"line":425,"column":66}},"425":{"start":{"line":426,"column":0},"end":{"line":426,"column":10}},"426":{"start":{"line":427,"column":0},"end":{"line":427,"column":15}},"427":{"start":{"line":428,"column":0},"end":{"line":428,"column":46}},"428":{"start":{"line":429,"column":0},"end":{"line":429,"column":53}},"429":{"start":{"line":430,"column":0},"end":{"line":430,"column":9}},"430":{"start":{"line":431,"column":0},"end":{"line":431,"column":15}},"431":{"start":{"line":432,"column":0},"end":{"line":432,"column":17}},"432":{"start":{"line":433,"column":0},"end":{"line":433,"column":12}},"433":{"start":{"line":434,"column":0},"end":{"line":434,"column":13}},"434":{"start":{"line":435,"column":0},"end":{"line":435,"column":4}},"435":{"start":{"line":436,"column":0},"end":{"line":436,"column":2}},"436":{"start":{"line":437,"column":0},"end":{"line":437,"column":0}},"437":{"start":{"line":438,"column":0},"end":{"line":438,"column":38}},"438":{"start":{"line":439,"column":0},"end":{"line":439,"column":20}},"439":{"start":{"line":440,"column":0},"end":{"line":440,"column":27}},"440":{"start":{"line":441,"column":0},"end":{"line":441,"column":10}},"441":{"start":{"line":442,"column":0},"end":{"line":442,"column":18}},"442":{"start":{"line":443,"column":0},"end":{"line":443,"column":67}},"443":{"start":{"line":444,"column":0},"end":{"line":444,"column":4}},"444":{"start":{"line":445,"column":0},"end":{"line":445,"column":2}},"445":{"start":{"line":446,"column":0},"end":{"line":446,"column":0}},"446":{"start":{"line":447,"column":0},"end":{"line":447,"column":33}},"447":{"start":{"line":448,"column":0},"end":{"line":448,"column":36}},"448":{"start":{"line":449,"column":0},"end":{"line":449,"column":45}},"449":{"start":{"line":450,"column":0},"end":{"line":450,"column":0}},"450":{"start":{"line":451,"column":0},"end":{"line":451,"column":10}},"451":{"start":{"line":452,"column":0},"end":{"line":452,"column":33}},"452":{"start":{"line":453,"column":0},"end":{"line":453,"column":13}},"453":{"start":{"line":454,"column":0},"end":{"line":454,"column":45}},"454":{"start":{"line":455,"column":0},"end":{"line":455,"column":46}},"455":{"start":{"line":456,"column":0},"end":{"line":456,"column":7}},"456":{"start":{"line":457,"column":0},"end":{"line":457,"column":60}},"457":{"start":{"line":458,"column":0},"end":{"line":458,"column":48}},"458":{"start":{"line":459,"column":0},"end":{"line":459,"column":15}},"459":{"start":{"line":460,"column":0},"end":{"line":460,"column":13}},"460":{"start":{"line":461,"column":0},"end":{"line":461,"column":33}},"461":{"start":{"line":462,"column":0},"end":{"line":462,"column":50}},"462":{"start":{"line":463,"column":0},"end":{"line":463,"column":38}},"463":{"start":{"line":464,"column":0},"end":{"line":464,"column":7}},"464":{"start":{"line":465,"column":0},"end":{"line":465,"column":19}},"465":{"start":{"line":466,"column":0},"end":{"line":466,"column":15}},"466":{"start":{"line":467,"column":0},"end":{"line":467,"column":13}},"467":{"start":{"line":468,"column":0},"end":{"line":468,"column":33}},"468":{"start":{"line":469,"column":0},"end":{"line":469,"column":39}},"469":{"start":{"line":470,"column":0},"end":{"line":470,"column":38}},"470":{"start":{"line":471,"column":0},"end":{"line":471,"column":7}},"471":{"start":{"line":472,"column":0},"end":{"line":472,"column":48}},"472":{"start":{"line":473,"column":0},"end":{"line":473,"column":15}},"473":{"start":{"line":474,"column":0},"end":{"line":474,"column":10}},"474":{"start":{"line":475,"column":0},"end":{"line":475,"column":4}},"475":{"start":{"line":476,"column":0},"end":{"line":476,"column":2}},"476":{"start":{"line":477,"column":0},"end":{"line":477,"column":0}},"477":{"start":{"line":478,"column":0},"end":{"line":478,"column":27}},"478":{"start":{"line":479,"column":0},"end":{"line":479,"column":10}},"479":{"start":{"line":480,"column":0},"end":{"line":480,"column":15}},"480":{"start":{"line":481,"column":0},"end":{"line":481,"column":20}},"481":{"start":{"line":482,"column":0},"end":{"line":482,"column":19}},"482":{"start":{"line":483,"column":0},"end":{"line":483,"column":20}},"483":{"start":{"line":484,"column":0},"end":{"line":484,"column":20}},"484":{"start":{"line":485,"column":0},"end":{"line":485,"column":16}},"485":{"start":{"line":486,"column":0},"end":{"line":486,"column":4}},"486":{"start":{"line":487,"column":0},"end":{"line":487,"column":2}},"487":{"start":{"line":488,"column":0},"end":{"line":488,"column":0}},"488":{"start":{"line":489,"column":0},"end":{"line":489,"column":71}},"489":{"start":{"line":490,"column":0},"end":{"line":490,"column":29}},"490":{"start":{"line":491,"column":0},"end":{"line":491,"column":68}},"491":{"start":{"line":492,"column":0},"end":{"line":492,"column":0}},"492":{"start":{"line":493,"column":0},"end":{"line":493,"column":10}},"493":{"start":{"line":494,"column":0},"end":{"line":494,"column":40}},"494":{"start":{"line":495,"column":0},"end":{"line":495,"column":21}},"495":{"start":{"line":496,"column":0},"end":{"line":496,"column":27}},"496":{"start":{"line":497,"column":0},"end":{"line":497,"column":4}},"497":{"start":{"line":498,"column":0},"end":{"line":498,"column":2}},"498":{"start":{"line":499,"column":0},"end":{"line":499,"column":0}},"499":{"start":{"line":500,"column":0},"end":{"line":500,"column":26}},"500":{"start":{"line":501,"column":0},"end":{"line":501,"column":10}},"501":{"start":{"line":502,"column":0},"end":{"line":502,"column":18}},"502":{"start":{"line":503,"column":0},"end":{"line":503,"column":14}},"503":{"start":{"line":504,"column":0},"end":{"line":504,"column":19}},"504":{"start":{"line":505,"column":0},"end":{"line":505,"column":4}},"505":{"start":{"line":506,"column":0},"end":{"line":506,"column":2}}},"s":{"0":1,"1":1,"2":1,"3":1,"4":1,"5":1,"6":1,"7":1,"8":1,"9":1,"10":1,"11":1,"12":1,"13":1,"14":1,"15":1,"16":1,"17":1,"18":1,"19":1,"20":1,"21":1,"22":1,"23":1,"24":1,"25":1,"26":41,"27":41,"28":41,"29":41,"30":41,"31":41,"32":41,"33":41,"34":41,"35":41,"36":41,"37":41,"38":41,"39":41,"40":41,"41":41,"42":41,"43":41,"44":41,"45":41,"46":41,"47":41,"48":41,"49":41,"50":41,"51":41,"52":41,"53":41,"54":41,"55":41,"56":41,"57":41,"58":41,"59":41,"60":41,"61":41,"62":41,"63":41,"64":41,"65":41,"66":41,"67":41,"68":41,"69":41,"70":41,"71":41,"72":41,"73":41,"74":41,"75":41,"76":41,"77":41,"78":41,"79":41,"80":41,"81":41,"82":41,"83":41,"84":41,"85":41,"86":41,"87":41,"88":1,"89":1,"90":1,"91":1,"92":1,"93":1,"94":1,"95":1,"96":1,"97":1,"98":1,"99":1,"100":1,"101":1,"102":1,"103":1,"104":1,"105":1,"106":1,"107":1,"108":1,"109":1,"110":1,"111":1,"112":1,"113":1,"114":1,"115":1,"116":1,"117":1,"118":1,"119":1,"120":1,"121":1,"122":1,"123":1,"124":1,"125":21,"126":21,"127":1,"128":1,"129":17,"130":17,"131":13,"132":13,"133":4,"134":4,"135":17,"136":17,"137":17,"138":17,"139":1,"140":1,"141":0,"142":0,"143":0,"144":1,"145":1,"146":14,"147":14,"148":14,"149":14,"150":14,"151":14,"152":14,"153":14,"154":14,"155":14,"156":14,"157":0,"158":0,"159":0,"160":0,"161":0,"162":14,"163":14,"164":14,"165":1,"166":1,"167":1,"168":1,"169":1,"170":1,"171":1,"172":1,"173":69,"174":69,"175":69,"176":69,"177":69,"178":69,"179":69,"180":69,"181":69,"182":69,"183":69,"184":69,"185":69,"186":69,"187":69,"188":138,"189":193,"190":100,"191":100,"192":93,"193":93,"194":193,"195":70,"196":70,"197":23,"198":138,"199":69,"200":69,"201":69,"202":69,"203":69,"204":1,"205":1,"206":21,"207":21,"208":21,"209":21,"210":21,"211":21,"212":21,"213":21,"214":21,"215":21,"216":19,"217":19,"218":19,"219":19,"220":21,"221":15,"222":15,"223":15,"224":15,"225":21,"226":14,"227":14,"228":14,"229":14,"230":21,"231":21,"232":21,"233":21,"234":1,"235":1,"236":30,"237":30,"238":30,"239":30,"240":30,"241":30,"242":9,"243":9,"244":21,"245":21,"246":30,"247":30,"248":0,"249":0,"250":21,"251":21,"252":21,"253":30,"254":30,"255":30,"256":30,"257":30,"258":30,"259":30,"260":1,"261":1,"262":0,"263":0,"264":0,"265":1,"266":1,"267":0,"268":0,"269":0,"270":1,"271":1,"272":1,"273":1,"274":1,"275":1,"276":1,"277":1,"278":1,"279":1,"280":0,"281":0,"282":0,"283":0,"284":0,"285":1,"286":1,"287":0,"288":0,"289":0,"290":0,"291":0,"292":0,"293":0,"294":0,"295":0,"296":0,"297":0,"298":0,"299":0,"300":0,"301":0,"302":0,"303":1,"304":1,"305":0,"306":0,"307":0,"308":0,"309":0,"310":0,"311":0,"312":0,"313":0,"314":0,"315":0,"316":0,"317":0,"318":0,"319":0,"320":0,"321":0,"322":0,"323":0,"324":0,"325":1,"326":1,"327":0,"328":0,"329":0,"330":0,"331":0,"332":0,"333":0,"334":0,"335":0,"336":0,"337":0,"338":0,"339":0,"340":0,"341":0,"342":0,"343":0,"344":0,"345":0,"346":1,"347":1,"348":0,"349":0,"350":0,"351":0,"352":0,"353":0,"354":0,"355":0,"356":0,"357":0,"358":0,"359":0,"360":0,"361":0,"362":1,"363":1,"364":0,"365":0,"366":0,"367":0,"368":0,"369":1,"370":1,"371":1,"372":1,"373":1,"374":1,"375":1,"376":1,"377":1,"378":1,"379":1,"380":1,"381":1,"382":1,"383":1,"384":1,"385":1,"386":1,"387":1,"388":1,"389":1,"390":1,"391":1,"392":1,"393":1,"394":1,"395":1,"396":1,"397":1,"398":0,"399":0,"400":0,"401":0,"402":0,"403":0,"404":0,"405":0,"406":0,"407":0,"408":0,"409":0,"410":0,"411":0,"412":0,"413":0,"414":0,"415":0,"416":0,"417":0,"418":0,"419":0,"420":0,"421":0,"422":0,"423":0,"424":0,"425":0,"426":0,"427":0,"428":0,"429":0,"430":0,"431":0,"432":0,"433":0,"434":0,"435":0,"436":1,"437":1,"438":0,"439":0,"440":0,"441":0,"442":0,"443":0,"444":0,"445":1,"446":1,"447":0,"448":0,"449":0,"450":0,"451":0,"452":0,"453":0,"454":0,"455":0,"456":0,"457":0,"458":0,"459":0,"460":0,"461":0,"462":0,"463":0,"464":0,"465":0,"466":0,"467":0,"468":0,"469":0,"470":0,"471":0,"472":0,"473":0,"474":0,"475":0,"476":1,"477":1,"478":0,"479":0,"480":0,"481":0,"482":0,"483":0,"484":0,"485":0,"486":0,"487":1,"488":1,"489":0,"490":0,"491":0,"492":0,"493":0,"494":0,"495":0,"496":0,"497":0,"498":1,"499":1,"500":0,"501":0,"502":0,"503":0,"504":0,"505":0},"branchMap":{"0":{"type":"branch","line":6,"loc":{"start":{"line":6,"column":12},"end":{"line":6,"column":22}},"locations":[{"start":{"line":6,"column":12},"end":{"line":6,"column":22}}]},"1":{"type":"branch","line":11,"loc":{"start":{"line":11,"column":12},"end":{"line":11,"column":25}},"locations":[{"start":{"line":11,"column":12},"end":{"line":11,"column":25}}]},"2":{"type":"branch","line":26,"loc":{"start":{"line":26,"column":23},"end":{"line":88,"column":2}},"locations":[{"start":{"line":26,"column":23},"end":{"line":88,"column":2}}]},"3":{"type":"branch","line":46,"loc":{"start":{"line":46,"column":37},"end":{"line":46,"column":59}},"locations":[{"start":{"line":46,"column":37},"end":{"line":46,"column":59}}]},"4":{"type":"branch","line":49,"loc":{"start":{"line":49,"column":4},"end":{"line":49,"column":53}},"locations":[{"start":{"line":49,"column":4},"end":{"line":49,"column":53}}]},"5":{"type":"branch","line":49,"loc":{"start":{"line":49,"column":40},"end":{"line":49,"column":53}},"locations":[{"start":{"line":49,"column":40},"end":{"line":49,"column":53}}]},"6":{"type":"branch","line":54,"loc":{"start":{"line":54,"column":4},"end":{"line":54,"column":54}},"locations":[{"start":{"line":54,"column":4},"end":{"line":54,"column":54}}]},"7":{"type":"branch","line":54,"loc":{"start":{"line":54,"column":41},"end":{"line":54,"column":54}},"locations":[{"start":{"line":54,"column":41},"end":{"line":54,"column":54}}]},"8":{"type":"branch","line":58,"loc":{"start":{"line":58,"column":4},"end":{"line":58,"column":51}},"locations":[{"start":{"line":58,"column":4},"end":{"line":58,"column":51}}]},"9":{"type":"branch","line":58,"loc":{"start":{"line":58,"column":38},"end":{"line":58,"column":51}},"locations":[{"start":{"line":58,"column":38},"end":{"line":58,"column":51}}]},"10":{"type":"branch","line":125,"loc":{"start":{"line":125,"column":32},"end":{"line":127,"column":2}},"locations":[{"start":{"line":125,"column":32},"end":{"line":127,"column":2}}]},"11":{"type":"branch","line":126,"loc":{"start":{"line":126,"column":36},"end":{"line":126,"column":58}},"locations":[{"start":{"line":126,"column":36},"end":{"line":126,"column":58}}]},"12":{"type":"branch","line":126,"loc":{"start":{"line":126,"column":58},"end":{"line":126,"column":78}},"locations":[{"start":{"line":126,"column":58},"end":{"line":126,"column":78}}]},"13":{"type":"branch","line":129,"loc":{"start":{"line":129,"column":32},"end":{"line":139,"column":2}},"locations":[{"start":{"line":129,"column":32},"end":{"line":139,"column":2}}]},"14":{"type":"branch","line":131,"loc":{"start":{"line":131,"column":40},"end":{"line":133,"column":3}},"locations":[{"start":{"line":131,"column":40},"end":{"line":133,"column":3}}]},"15":{"type":"branch","line":133,"loc":{"start":{"line":133,"column":2},"end":{"line":136,"column":34}},"locations":[{"start":{"line":133,"column":2},"end":{"line":136,"column":34}}]},"16":{"type":"branch","line":136,"loc":{"start":{"line":136,"column":31},"end":{"line":136,"column":48}},"locations":[{"start":{"line":136,"column":31},"end":{"line":136,"column":48}}]},"17":{"type":"branch","line":136,"loc":{"start":{"line":136,"column":48},"end":{"line":136,"column":67}},"locations":[{"start":{"line":136,"column":48},"end":{"line":136,"column":67}}]},"18":{"type":"branch","line":146,"loc":{"start":{"line":146,"column":31},"end":{"line":165,"column":2}},"locations":[{"start":{"line":146,"column":31},"end":{"line":165,"column":2}}]},"19":{"type":"branch","line":157,"loc":{"start":{"line":157,"column":27},"end":{"line":162,"column":3}},"locations":[{"start":{"line":157,"column":27},"end":{"line":162,"column":3}}]},"20":{"type":"branch","line":164,"loc":{"start":{"line":164,"column":17},"end":{"line":164,"column":23}},"locations":[{"start":{"line":164,"column":17},"end":{"line":164,"column":23}}]},"21":{"type":"branch","line":153,"loc":{"start":{"line":153,"column":12},"end":{"line":153,"column":33}},"locations":[{"start":{"line":153,"column":12},"end":{"line":153,"column":33}}]},"22":{"type":"branch","line":154,"loc":{"start":{"line":154,"column":9},"end":{"line":154,"column":21}},"locations":[{"start":{"line":154,"column":9},"end":{"line":154,"column":21}}]},"23":{"type":"branch","line":155,"loc":{"start":{"line":155,"column":10},"end":{"line":155,"column":27}},"locations":[{"start":{"line":155,"column":10},"end":{"line":155,"column":27}}]},"24":{"type":"branch","line":173,"loc":{"start":{"line":173,"column":50},"end":{"line":204,"column":2}},"locations":[{"start":{"line":173,"column":50},"end":{"line":204,"column":2}}]},"25":{"type":"branch","line":183,"loc":{"start":{"line":183,"column":12},"end":{"line":183,"column":78}},"locations":[{"start":{"line":183,"column":12},"end":{"line":183,"column":78}}]},"26":{"type":"branch","line":183,"loc":{"start":{"line":183,"column":28},"end":{"line":183,"column":47}},"locations":[{"start":{"line":183,"column":28},"end":{"line":183,"column":47}}]},"27":{"type":"branch","line":183,"loc":{"start":{"line":183,"column":42},"end":{"line":183,"column":65}},"locations":[{"start":{"line":183,"column":42},"end":{"line":183,"column":65}}]},"28":{"type":"branch","line":183,"loc":{"start":{"line":183,"column":55},"end":{"line":183,"column":78}},"locations":[{"start":{"line":183,"column":55},"end":{"line":183,"column":78}}]},"29":{"type":"branch","line":186,"loc":{"start":{"line":186,"column":12},"end":{"line":186,"column":78}},"locations":[{"start":{"line":186,"column":12},"end":{"line":186,"column":78}}]},"30":{"type":"branch","line":186,"loc":{"start":{"line":186,"column":42},"end":{"line":186,"column":65}},"locations":[{"start":{"line":186,"column":42},"end":{"line":186,"column":65}}]},"31":{"type":"branch","line":186,"loc":{"start":{"line":186,"column":55},"end":{"line":186,"column":78}},"locations":[{"start":{"line":186,"column":55},"end":{"line":186,"column":78}}]},"32":{"type":"branch","line":188,"loc":{"start":{"line":188,"column":66},"end":{"line":199,"column":12}},"locations":[{"start":{"line":188,"column":66},"end":{"line":199,"column":12}}]},"33":{"type":"branch","line":189,"loc":{"start":{"line":189,"column":21},"end":{"line":199,"column":7}},"locations":[{"start":{"line":189,"column":21},"end":{"line":199,"column":7}}]},"34":{"type":"branch","line":190,"loc":{"start":{"line":190,"column":20},"end":{"line":192,"column":7}},"locations":[{"start":{"line":190,"column":20},"end":{"line":192,"column":7}}]},"35":{"type":"branch","line":192,"loc":{"start":{"line":192,"column":6},"end":{"line":195,"column":61}},"locations":[{"start":{"line":192,"column":6},"end":{"line":195,"column":61}}]},"36":{"type":"branch","line":195,"loc":{"start":{"line":195,"column":61},"end":{"line":197,"column":7}},"locations":[{"start":{"line":195,"column":61},"end":{"line":197,"column":7}}]},"37":{"type":"branch","line":197,"loc":{"start":{"line":197,"column":6},"end":{"line":199,"column":7}},"locations":[{"start":{"line":197,"column":6},"end":{"line":199,"column":7}}]},"38":{"type":"branch","line":206,"loc":{"start":{"line":206,"column":29},"end":{"line":234,"column":2}},"locations":[{"start":{"line":206,"column":29},"end":{"line":234,"column":2}}]},"39":{"type":"branch","line":216,"loc":{"start":{"line":216,"column":43},"end":{"line":221,"column":46}},"locations":[{"start":{"line":216,"column":43},"end":{"line":221,"column":46}}]},"40":{"type":"branch","line":221,"loc":{"start":{"line":221,"column":43},"end":{"line":226,"column":54}},"locations":[{"start":{"line":221,"column":43},"end":{"line":226,"column":54}}]},"41":{"type":"branch","line":226,"loc":{"start":{"line":226,"column":51},"end":{"line":231,"column":54}},"locations":[{"start":{"line":226,"column":51},"end":{"line":231,"column":54}}]},"42":{"type":"branch","line":215,"loc":{"start":{"line":215,"column":6},"end":{"line":215,"column":52}},"locations":[{"start":{"line":215,"column":6},"end":{"line":215,"column":52}}]},"43":{"type":"branch","line":216,"loc":{"start":{"line":216,"column":6},"end":{"line":216,"column":46}},"locations":[{"start":{"line":216,"column":6},"end":{"line":216,"column":46}}]},"44":{"type":"branch","line":220,"loc":{"start":{"line":220,"column":6},"end":{"line":220,"column":49}},"locations":[{"start":{"line":220,"column":6},"end":{"line":220,"column":49}}]},"45":{"type":"branch","line":221,"loc":{"start":{"line":221,"column":6},"end":{"line":221,"column":46}},"locations":[{"start":{"line":221,"column":6},"end":{"line":221,"column":46}}]},"46":{"type":"branch","line":225,"loc":{"start":{"line":225,"column":6},"end":{"line":225,"column":67}},"locations":[{"start":{"line":225,"column":6},"end":{"line":225,"column":67}}]},"47":{"type":"branch","line":226,"loc":{"start":{"line":226,"column":6},"end":{"line":226,"column":54}},"locations":[{"start":{"line":226,"column":6},"end":{"line":226,"column":54}}]},"48":{"type":"branch","line":230,"loc":{"start":{"line":230,"column":6},"end":{"line":230,"column":60}},"locations":[{"start":{"line":230,"column":6},"end":{"line":230,"column":60}}]},"49":{"type":"branch","line":231,"loc":{"start":{"line":231,"column":6},"end":{"line":231,"column":54}},"locations":[{"start":{"line":231,"column":6},"end":{"line":231,"column":54}}]},"50":{"type":"branch","line":236,"loc":{"start":{"line":236,"column":28},"end":{"line":260,"column":2}},"locations":[{"start":{"line":236,"column":28},"end":{"line":260,"column":2}}]},"51":{"type":"branch","line":242,"loc":{"start":{"line":242,"column":6},"end":{"line":242,"column":27}},"locations":[{"start":{"line":242,"column":6},"end":{"line":242,"column":27}}]},"52":{"type":"branch","line":242,"loc":{"start":{"line":242,"column":27},"end":{"line":244,"column":3}},"locations":[{"start":{"line":242,"column":27},"end":{"line":244,"column":3}}]},"53":{"type":"branch","line":244,"loc":{"start":{"line":244,"column":2},"end":{"line":247,"column":26}},"locations":[{"start":{"line":244,"column":2},"end":{"line":247,"column":26}}]},"54":{"type":"branch","line":247,"loc":{"start":{"line":247,"column":14},"end":{"line":247,"column":53}},"locations":[{"start":{"line":247,"column":14},"end":{"line":247,"column":53}}]},"55":{"type":"branch","line":248,"loc":{"start":{"line":248,"column":19},"end":{"line":250,"column":3}},"locations":[{"start":{"line":248,"column":19},"end":{"line":250,"column":3}}]},"56":{"type":"branch","line":250,"loc":{"start":{"line":250,"column":2},"end":{"line":254,"column":29}},"locations":[{"start":{"line":250,"column":2},"end":{"line":254,"column":29}}]},"57":{"type":"branch","line":254,"loc":{"start":{"line":254,"column":21},"end":{"line":254,"column":38}},"locations":[{"start":{"line":254,"column":21},"end":{"line":254,"column":38}}]},"58":{"type":"branch","line":254,"loc":{"start":{"line":254,"column":29},"end":{"line":254,"column":61}},"locations":[{"start":{"line":254,"column":29},"end":{"line":254,"column":61}}]},"59":{"type":"branch","line":256,"loc":{"start":{"line":256,"column":12},"end":{"line":256,"column":73}},"locations":[{"start":{"line":256,"column":12},"end":{"line":256,"column":73}}]},"60":{"type":"branch","line":256,"loc":{"start":{"line":256,"column":39},"end":{"line":256,"column":60}},"locations":[{"start":{"line":256,"column":39},"end":{"line":256,"column":60}}]},"61":{"type":"branch","line":256,"loc":{"start":{"line":256,"column":47},"end":{"line":256,"column":73}},"locations":[{"start":{"line":256,"column":47},"end":{"line":256,"column":73}}]},"62":{"type":"branch","line":258,"loc":{"start":{"line":258,"column":12},"end":{"line":258,"column":34}},"locations":[{"start":{"line":258,"column":12},"end":{"line":258,"column":34}}]},"63":{"type":"branch","line":259,"loc":{"start":{"line":259,"column":12},"end":{"line":259,"column":53}},"locations":[{"start":{"line":259,"column":12},"end":{"line":259,"column":53}}]},"64":{"type":"branch","line":259,"loc":{"start":{"line":259,"column":29},"end":{"line":259,"column":44}},"locations":[{"start":{"line":259,"column":29},"end":{"line":259,"column":44}}]},"65":{"type":"branch","line":259,"loc":{"start":{"line":259,"column":37},"end":{"line":259,"column":53}},"locations":[{"start":{"line":259,"column":37},"end":{"line":259,"column":53}}]},"66":{"type":"branch","line":272,"loc":{"start":{"line":272,"column":25},"end":{"line":278,"column":2}},"locations":[{"start":{"line":272,"column":25},"end":{"line":278,"column":2}}]}},"b":{"0":[1],"1":[1],"2":[41],"3":[17],"4":[9],"5":[31],"6":[9],"7":[45],"8":[9],"9":[45],"10":[21],"11":[14],"12":[7],"13":[17],"14":[13],"15":[4],"16":[3],"17":[1],"18":[14],"19":[0],"20":[11],"21":[13],"22":[6],"23":[3],"24":[69],"25":[223],"26":[114],"27":[79],"28":[79],"29":[223],"30":[205],"31":[184],"32":[138],"33":[193],"34":[100],"35":[93],"36":[70],"37":[23],"38":[21],"39":[19],"40":[15],"41":[14],"42":[67],"43":[67],"44":[60],"45":[60],"46":[50],"47":[50],"48":[46],"49":[46],"50":[30],"51":[21],"52":[9],"53":[21],"54":[14],"55":[0],"56":[21],"57":[7],"58":[14],"59":[21],"60":[14],"61":[7],"62":[21],"63":[21],"64":[14],"65":[7],"66":[1]},"fnMap":{"0":{"name":"useGame","decl":{"start":{"line":26,"column":23},"end":{"line":88,"column":2}},"loc":{"start":{"line":26,"column":23},"end":{"line":88,"column":2}},"line":26},"1":{"name":"emptyFunction","decl":{"start":{"line":92,"column":22},"end":{"line":92,"column":31}},"loc":{"start":{"line":92,"column":22},"end":{"line":92,"column":31}},"line":92},"2":{"name":"useGameFromContext","decl":{"start":{"line":123,"column":27},"end":{"line":123,"column":57}},"loc":{"start":{"line":123,"column":27},"end":{"line":123,"column":57}},"line":123},"3":{"name":"gameGetCellColor","decl":{"start":{"line":125,"column":32},"end":{"line":127,"column":2}},"loc":{"start":{"line":125,"column":32},"end":{"line":127,"column":2}},"line":125},"4":{"name":"gameTogglePlayer","decl":{"start":{"line":129,"column":32},"end":{"line":139,"column":2}},"loc":{"start":{"line":129,"column":32},"end":{"line":139,"column":2}},"line":129},"5":{"name":"gameIsFullColumn","decl":{"start":{"line":141,"column":32},"end":{"line":144,"column":2}},"loc":{"start":{"line":141,"column":32},"end":{"line":144,"column":2}},"line":141},"6":{"name":"gameFindNextRow","decl":{"start":{"line":146,"column":31},"end":{"line":165,"column":2}},"loc":{"start":{"line":146,"column":31},"end":{"line":165,"column":2}},"line":146},"7":{"name":"gameHasWiningPiecesInThisDirection","decl":{"start":{"line":173,"column":50},"end":{"line":204,"column":2}},"loc":{"start":{"line":173,"column":50},"end":{"line":204,"column":2}},"line":173},"8":{"name":"gameHasWinner","decl":{"start":{"line":206,"column":29},"end":{"line":234,"column":2}},"loc":{"start":{"line":206,"column":29},"end":{"line":234,"column":2}},"line":206},"9":{"name":"gameHasWiningPiecesInThisDirection.col","decl":{"start":{"line":215,"column":6},"end":{"line":215,"column":52}},"loc":{"start":{"line":215,"column":6},"end":{"line":215,"column":52}},"line":215},"10":{"name":"gameHasWiningPiecesInThisDirection.col","decl":{"start":{"line":220,"column":6},"end":{"line":220,"column":49}},"loc":{"start":{"line":220,"column":6},"end":{"line":220,"column":49}},"line":220},"11":{"name":"gameHasWiningPiecesInThisDirection.col","decl":{"start":{"line":225,"column":6},"end":{"line":225,"column":67}},"loc":{"start":{"line":225,"column":6},"end":{"line":225,"column":67}},"line":225},"12":{"name":"gameHasWiningPiecesInThisDirection.col","decl":{"start":{"line":230,"column":6},"end":{"line":230,"column":60}},"loc":{"start":{"line":230,"column":6},"end":{"line":230,"column":60}},"line":230},"13":{"name":"gameAddPiece","decl":{"start":{"line":236,"column":28},"end":{"line":260,"column":2}},"loc":{"start":{"line":236,"column":28},"end":{"line":260,"column":2}},"line":236},"14":{"name":"gameOpenConfigDialog","decl":{"start":{"line":262,"column":36},"end":{"line":265,"column":2}},"loc":{"start":{"line":262,"column":36},"end":{"line":265,"column":2}},"line":262},"15":{"name":"gameCloseConfigDialog","decl":{"start":{"line":267,"column":37},"end":{"line":270,"column":2}},"loc":{"start":{"line":267,"column":37},"end":{"line":270,"column":2}},"line":267},"16":{"name":"gameReset","decl":{"start":{"line":272,"column":25},"end":{"line":278,"column":2}},"loc":{"start":{"line":272,"column":25},"end":{"line":278,"column":2}},"line":272},"17":{"name":"gameCellGridArea","decl":{"start":{"line":280,"column":32},"end":{"line":285,"column":2}},"loc":{"start":{"line":280,"column":32},"end":{"line":285,"column":2}},"line":280},"18":{"name":"GameCellStyle","decl":{"start":{"line":287,"column":22},"end":{"line":303,"column":2}},"loc":{"start":{"line":287,"column":22},"end":{"line":303,"column":2}},"line":287},"19":{"name":"GameBoardStyle","decl":{"start":{"line":305,"column":23},"end":{"line":325,"column":2}},"loc":{"start":{"line":305,"column":23},"end":{"line":325,"column":2}},"line":305},"20":{"name":"GameCells","decl":{"start":{"line":327,"column":25},"end":{"line":346,"column":2}},"loc":{"start":{"line":327,"column":25},"end":{"line":346,"column":2}},"line":327},"21":{"name":"GamePieces","decl":{"start":{"line":348,"column":26},"end":{"line":362,"column":2}},"loc":{"start":{"line":348,"column":26},"end":{"line":362,"column":2}},"line":348},"22":{"name":"GameBoard","decl":{"start":{"line":364,"column":25},"end":{"line":369,"column":2}},"loc":{"start":{"line":364,"column":25},"end":{"line":369,"column":2}},"line":364},"23":{"name":"GameConfig","decl":{"start":{"line":398,"column":26},"end":{"line":436,"column":2}},"loc":{"start":{"line":398,"column":26},"end":{"line":436,"column":2}},"line":398},"24":{"name":"GameHeaderPlayerStyle","decl":{"start":{"line":438,"column":37},"end":{"line":445,"column":2}},"loc":{"start":{"line":438,"column":37},"end":{"line":445,"column":2}},"line":438},"25":{"name":"GameHeader","decl":{"start":{"line":447,"column":26},"end":{"line":476,"column":2}},"loc":{"start":{"line":447,"column":26},"end":{"line":476,"column":2}},"line":447},"26":{"name":"Game","decl":{"start":{"line":478,"column":20},"end":{"line":487,"column":2}},"loc":{"start":{"line":478,"column":20},"end":{"line":487,"column":2}},"line":478},"27":{"name":"GameProvider","decl":{"start":{"line":489,"column":28},"end":{"line":498,"column":2}},"loc":{"start":{"line":489,"column":28},"end":{"line":498,"column":2}},"line":489},"28":{"name":"App","decl":{"start":{"line":500,"column":19},"end":{"line":506,"column":2}},"loc":{"start":{"line":500,"column":19},"end":{"line":506,"column":2}},"line":500}},"f":{"0":41,"1":0,"2":0,"3":21,"4":17,"5":0,"6":14,"7":69,"8":21,"9":67,"10":60,"11":50,"12":46,"13":30,"14":0,"15":0,"16":1,"17":0,"18":0,"19":0,"20":0,"21":0,"22":0,"23":0,"24":0,"25":0,"26":0,"27":0,"28":0}}
}
