{"/Users/timoshiu/github/connect_four/src/App.tsx": {"path":"/Users/timoshiu/github/connect_four/src/App.tsx","all":false,"statementMap":{"0":{"start":{"line":1,"column":0},"end":{"line":1,"column":13}},"1":{"start":{"line":2,"column":0},"end":{"line":2,"column":0}},"2":{"start":{"line":3,"column":0},"end":{"line":3,"column":57}},"3":{"start":{"line":4,"column":0},"end":{"line":4,"column":77}},"4":{"start":{"line":5,"column":0},"end":{"line":5,"column":0}},"5":{"start":{"line":6,"column":0},"end":{"line":6,"column":24}},"6":{"start":{"line":7,"column":0},"end":{"line":7,"column":18}},"7":{"start":{"line":8,"column":0},"end":{"line":8,"column":14}},"8":{"start":{"line":9,"column":0},"end":{"line":9,"column":1}},"9":{"start":{"line":10,"column":0},"end":{"line":10,"column":0}},"10":{"start":{"line":11,"column":0},"end":{"line":11,"column":27}},"11":{"start":{"line":12,"column":0},"end":{"line":12,"column":18}},"12":{"start":{"line":13,"column":0},"end":{"line":13,"column":18}},"13":{"start":{"line":14,"column":0},"end":{"line":14,"column":14}},"14":{"start":{"line":15,"column":0},"end":{"line":15,"column":1}},"15":{"start":{"line":16,"column":0},"end":{"line":16,"column":0}},"16":{"start":{"line":17,"column":0},"end":{"line":17,"column":32}},"17":{"start":{"line":18,"column":0},"end":{"line":18,"column":14}},"18":{"start":{"line":19,"column":0},"end":{"line":19,"column":14}},"19":{"start":{"line":20,"column":0},"end":{"line":20,"column":1}},"20":{"start":{"line":21,"column":0},"end":{"line":21,"column":0}},"21":{"start":{"line":22,"column":0},"end":{"line":22,"column":50}},"22":{"start":{"line":23,"column":0},"end":{"line":23,"column":23}},"23":{"start":{"line":24,"column":0},"end":{"line":24,"column":1}},"24":{"start":{"line":25,"column":0},"end":{"line":25,"column":0}},"25":{"start":{"line":26,"column":0},"end":{"line":26,"column":32}},"26":{"start":{"line":27,"column":0},"end":{"line":27,"column":15}},"27":{"start":{"line":28,"column":0},"end":{"line":28,"column":17}},"28":{"start":{"line":29,"column":0},"end":{"line":29,"column":14}},"29":{"start":{"line":30,"column":0},"end":{"line":30,"column":16}},"30":{"start":{"line":31,"column":0},"end":{"line":31,"column":7}},"31":{"start":{"line":32,"column":0},"end":{"line":32,"column":57}},"32":{"start":{"line":33,"column":0},"end":{"line":33,"column":58}},"33":{"start":{"line":34,"column":0},"end":{"line":34,"column":55}},"34":{"start":{"line":35,"column":0},"end":{"line":35,"column":61}},"35":{"start":{"line":36,"column":0},"end":{"line":36,"column":52}},"36":{"start":{"line":37,"column":0},"end":{"line":37,"column":64}},"37":{"start":{"line":38,"column":0},"end":{"line":38,"column":69}},"38":{"start":{"line":39,"column":0},"end":{"line":39,"column":78}},"39":{"start":{"line":40,"column":0},"end":{"line":40,"column":56}},"40":{"start":{"line":41,"column":0},"end":{"line":41,"column":56}},"41":{"start":{"line":42,"column":0},"end":{"line":42,"column":33}},"42":{"start":{"line":43,"column":0},"end":{"line":43,"column":4}},"43":{"start":{"line":44,"column":0},"end":{"line":44,"column":52}},"44":{"start":{"line":45,"column":0},"end":{"line":45,"column":0}},"45":{"start":{"line":46,"column":0},"end":{"line":46,"column":69}},"46":{"start":{"line":47,"column":0},"end":{"line":47,"column":0}},"47":{"start":{"line":48,"column":0},"end":{"line":48,"column":35}},"48":{"start":{"line":49,"column":0},"end":{"line":49,"column":53}},"49":{"start":{"line":50,"column":0},"end":{"line":50,"column":11}},"50":{"start":{"line":51,"column":0},"end":{"line":51,"column":4}},"51":{"start":{"line":52,"column":0},"end":{"line":52,"column":0}},"52":{"start":{"line":53,"column":0},"end":{"line":53,"column":36}},"53":{"start":{"line":54,"column":0},"end":{"line":54,"column":54}},"54":{"start":{"line":55,"column":0},"end":{"line":55,"column":12}},"55":{"start":{"line":56,"column":0},"end":{"line":56,"column":4}},"56":{"start":{"line":57,"column":0},"end":{"line":57,"column":33}},"57":{"start":{"line":58,"column":0},"end":{"line":58,"column":51}},"58":{"start":{"line":59,"column":0},"end":{"line":59,"column":9}},"59":{"start":{"line":60,"column":0},"end":{"line":60,"column":4}},"60":{"start":{"line":61,"column":0},"end":{"line":61,"column":0}},"61":{"start":{"line":62,"column":0},"end":{"line":62,"column":10}},"62":{"start":{"line":63,"column":0},"end":{"line":63,"column":10}},"63":{"start":{"line":64,"column":0},"end":{"line":64,"column":13}},"64":{"start":{"line":65,"column":0},"end":{"line":65,"column":14}},"65":{"start":{"line":66,"column":0},"end":{"line":66,"column":11}},"66":{"start":{"line":67,"column":0},"end":{"line":67,"column":14}},"67":{"start":{"line":68,"column":0},"end":{"line":68,"column":10}},"68":{"start":{"line":69,"column":0},"end":{"line":69,"column":13}},"69":{"start":{"line":70,"column":0},"end":{"line":70,"column":11}},"70":{"start":{"line":71,"column":0},"end":{"line":71,"column":9}},"71":{"start":{"line":72,"column":0},"end":{"line":72,"column":12}},"72":{"start":{"line":73,"column":0},"end":{"line":73,"column":11}},"73":{"start":{"line":74,"column":0},"end":{"line":74,"column":14}},"74":{"start":{"line":75,"column":0},"end":{"line":75,"column":12}},"75":{"start":{"line":76,"column":0},"end":{"line":76,"column":8}},"76":{"start":{"line":77,"column":0},"end":{"line":77,"column":11}},"77":{"start":{"line":78,"column":0},"end":{"line":78,"column":9}},"78":{"start":{"line":79,"column":0},"end":{"line":79,"column":11}},"79":{"start":{"line":80,"column":0},"end":{"line":80,"column":14}},"80":{"start":{"line":81,"column":0},"end":{"line":81,"column":11}},"81":{"start":{"line":82,"column":0},"end":{"line":82,"column":14}},"82":{"start":{"line":83,"column":0},"end":{"line":83,"column":18}},"83":{"start":{"line":84,"column":0},"end":{"line":84,"column":14}},"84":{"start":{"line":85,"column":0},"end":{"line":85,"column":23}},"85":{"start":{"line":86,"column":0},"end":{"line":86,"column":26}},"86":{"start":{"line":87,"column":0},"end":{"line":87,"column":4}},"87":{"start":{"line":88,"column":0},"end":{"line":88,"column":2}},"88":{"start":{"line":89,"column":0},"end":{"line":89,"column":0}},"89":{"start":{"line":90,"column":0},"end":{"line":90,"column":53}},"90":{"start":{"line":91,"column":0},"end":{"line":91,"column":0}},"91":{"start":{"line":92,"column":0},"end":{"line":92,"column":31}},"92":{"start":{"line":93,"column":0},"end":{"line":93,"column":0}},"93":{"start":{"line":94,"column":0},"end":{"line":94,"column":39}},"94":{"start":{"line":95,"column":0},"end":{"line":95,"column":14}},"95":{"start":{"line":96,"column":0},"end":{"line":96,"column":26}},"96":{"start":{"line":97,"column":0},"end":{"line":97,"column":19}},"97":{"start":{"line":98,"column":0},"end":{"line":98,"column":15}},"98":{"start":{"line":99,"column":0},"end":{"line":99,"column":27}},"99":{"start":{"line":100,"column":0},"end":{"line":100,"column":11}},"100":{"start":{"line":101,"column":0},"end":{"line":101,"column":26}},"101":{"start":{"line":102,"column":0},"end":{"line":102,"column":13}},"102":{"start":{"line":103,"column":0},"end":{"line":103,"column":10}},"103":{"start":{"line":104,"column":0},"end":{"line":104,"column":25}},"104":{"start":{"line":105,"column":0},"end":{"line":105,"column":12}},"105":{"start":{"line":106,"column":0},"end":{"line":106,"column":27}},"106":{"start":{"line":107,"column":0},"end":{"line":107,"column":14}},"107":{"start":{"line":108,"column":0},"end":{"line":108,"column":9}},"108":{"start":{"line":109,"column":0},"end":{"line":109,"column":24}},"109":{"start":{"line":110,"column":0},"end":{"line":110,"column":11}},"110":{"start":{"line":111,"column":0},"end":{"line":111,"column":27}},"111":{"start":{"line":112,"column":0},"end":{"line":112,"column":27}},"112":{"start":{"line":113,"column":0},"end":{"line":113,"column":13}},"113":{"start":{"line":114,"column":0},"end":{"line":114,"column":27}},"114":{"start":{"line":115,"column":0},"end":{"line":115,"column":60}},"115":{"start":{"line":116,"column":0},"end":{"line":116,"column":31}},"116":{"start":{"line":117,"column":0},"end":{"line":117,"column":27}},"117":{"start":{"line":118,"column":0},"end":{"line":118,"column":39}},"118":{"start":{"line":119,"column":0},"end":{"line":119,"column":2}},"119":{"start":{"line":120,"column":0},"end":{"line":120,"column":0}},"120":{"start":{"line":121,"column":0},"end":{"line":121,"column":65}},"121":{"start":{"line":122,"column":0},"end":{"line":122,"column":0}},"122":{"start":{"line":123,"column":0},"end":{"line":123,"column":57}},"123":{"start":{"line":124,"column":0},"end":{"line":124,"column":0}},"124":{"start":{"line":125,"column":0},"end":{"line":125,"column":72}},"125":{"start":{"line":126,"column":0},"end":{"line":126,"column":79}},"126":{"start":{"line":127,"column":0},"end":{"line":127,"column":2}},"127":{"start":{"line":128,"column":0},"end":{"line":128,"column":0}},"128":{"start":{"line":129,"column":0},"end":{"line":129,"column":68}},"129":{"start":{"line":130,"column":0},"end":{"line":130,"column":68}},"130":{"start":{"line":131,"column":0},"end":{"line":131,"column":41}},"131":{"start":{"line":132,"column":0},"end":{"line":132,"column":18}},"132":{"start":{"line":133,"column":0},"end":{"line":133,"column":3}},"133":{"start":{"line":134,"column":0},"end":{"line":134,"column":0}},"134":{"start":{"line":135,"column":0},"end":{"line":135,"column":20}},"135":{"start":{"line":136,"column":0},"end":{"line":136,"column":68}},"136":{"start":{"line":137,"column":0},"end":{"line":137,"column":24}},"137":{"start":{"line":138,"column":0},"end":{"line":138,"column":20}},"138":{"start":{"line":139,"column":0},"end":{"line":139,"column":2}},"139":{"start":{"line":140,"column":0},"end":{"line":140,"column":0}},"140":{"start":{"line":141,"column":0},"end":{"line":141,"column":78}},"141":{"start":{"line":142,"column":0},"end":{"line":142,"column":31}},"142":{"start":{"line":143,"column":0},"end":{"line":143,"column":60}},"143":{"start":{"line":144,"column":0},"end":{"line":144,"column":2}},"144":{"start":{"line":145,"column":0},"end":{"line":145,"column":0}},"145":{"start":{"line":146,"column":0},"end":{"line":146,"column":32}},"146":{"start":{"line":147,"column":0},"end":{"line":147,"column":20}},"147":{"start":{"line":148,"column":0},"end":{"line":148,"column":13}},"148":{"start":{"line":149,"column":0},"end":{"line":149,"column":21}},"149":{"start":{"line":150,"column":0},"end":{"line":150,"column":41}},"150":{"start":{"line":151,"column":0},"end":{"line":151,"column":0}},"151":{"start":{"line":152,"column":0},"end":{"line":152,"column":21}},"152":{"start":{"line":153,"column":0},"end":{"line":153,"column":33}},"153":{"start":{"line":154,"column":0},"end":{"line":154,"column":22}},"154":{"start":{"line":155,"column":0},"end":{"line":155,"column":27}},"155":{"start":{"line":156,"column":0},"end":{"line":156,"column":0}},"156":{"start":{"line":157,"column":0},"end":{"line":157,"column":28}},"157":{"start":{"line":158,"column":0},"end":{"line":158,"column":60}},"158":{"start":{"line":159,"column":0},"end":{"line":159,"column":20}},"159":{"start":{"line":160,"column":0},"end":{"line":160,"column":33}},"160":{"start":{"line":161,"column":0},"end":{"line":161,"column":16}},"161":{"start":{"line":162,"column":0},"end":{"line":162,"column":3}},"162":{"start":{"line":163,"column":0},"end":{"line":163,"column":0}},"163":{"start":{"line":164,"column":0},"end":{"line":164,"column":30}},"164":{"start":{"line":165,"column":0},"end":{"line":165,"column":2}},"165":{"start":{"line":166,"column":0},"end":{"line":166,"column":0}},"166":{"start":{"line":167,"column":0},"end":{"line":167,"column":39}},"167":{"start":{"line":168,"column":0},"end":{"line":168,"column":21}},"168":{"start":{"line":169,"column":0},"end":{"line":169,"column":14}},"169":{"start":{"line":170,"column":0},"end":{"line":170,"column":16}},"170":{"start":{"line":171,"column":0},"end":{"line":171,"column":1}},"171":{"start":{"line":172,"column":0},"end":{"line":172,"column":0}},"172":{"start":{"line":173,"column":0},"end":{"line":173,"column":59}},"173":{"start":{"line":174,"column":0},"end":{"line":174,"column":20}},"174":{"start":{"line":175,"column":0},"end":{"line":175,"column":40}},"175":{"start":{"line":176,"column":0},"end":{"line":176,"column":41}},"176":{"start":{"line":177,"column":0},"end":{"line":177,"column":21}},"177":{"start":{"line":178,"column":0},"end":{"line":178,"column":16}},"178":{"start":{"line":179,"column":0},"end":{"line":179,"column":44}},"179":{"start":{"line":180,"column":0},"end":{"line":180,"column":69}},"180":{"start":{"line":181,"column":0},"end":{"line":181,"column":69}},"181":{"start":{"line":182,"column":0},"end":{"line":182,"column":0}},"182":{"start":{"line":183,"column":0},"end":{"line":183,"column":30}},"183":{"start":{"line":184,"column":0},"end":{"line":184,"column":17}},"184":{"start":{"line":185,"column":0},"end":{"line":185,"column":78}},"185":{"start":{"line":186,"column":0},"end":{"line":186,"column":31}},"186":{"start":{"line":187,"column":0},"end":{"line":187,"column":18}},"187":{"start":{"line":188,"column":0},"end":{"line":188,"column":78}},"188":{"start":{"line":189,"column":0},"end":{"line":189,"column":0}},"189":{"start":{"line":190,"column":0},"end":{"line":190,"column":51}},"190":{"start":{"line":191,"column":0},"end":{"line":191,"column":18}},"191":{"start":{"line":192,"column":0},"end":{"line":192,"column":19}},"192":{"start":{"line":193,"column":0},"end":{"line":193,"column":28}},"193":{"start":{"line":194,"column":0},"end":{"line":194,"column":27}},"194":{"start":{"line":195,"column":0},"end":{"line":195,"column":60}},"195":{"start":{"line":196,"column":0},"end":{"line":196,"column":23}},"196":{"start":{"line":197,"column":0},"end":{"line":197,"column":21}},"197":{"start":{"line":198,"column":0},"end":{"line":198,"column":9}},"198":{"start":{"line":199,"column":0},"end":{"line":199,"column":0}},"199":{"start":{"line":200,"column":0},"end":{"line":200,"column":56}},"200":{"start":{"line":201,"column":0},"end":{"line":201,"column":64}},"201":{"start":{"line":202,"column":0},"end":{"line":202,"column":40}},"202":{"start":{"line":203,"column":0},"end":{"line":203,"column":9}},"203":{"start":{"line":204,"column":0},"end":{"line":204,"column":44}},"204":{"start":{"line":205,"column":0},"end":{"line":205,"column":8}},"205":{"start":{"line":206,"column":0},"end":{"line":206,"column":10}},"206":{"start":{"line":207,"column":0},"end":{"line":207,"column":5}},"207":{"start":{"line":208,"column":0},"end":{"line":208,"column":4}},"208":{"start":{"line":209,"column":0},"end":{"line":209,"column":0}},"209":{"start":{"line":210,"column":0},"end":{"line":210,"column":63}},"210":{"start":{"line":211,"column":0},"end":{"line":211,"column":28}},"211":{"start":{"line":212,"column":0},"end":{"line":212,"column":2}},"212":{"start":{"line":213,"column":0},"end":{"line":213,"column":0}},"213":{"start":{"line":214,"column":0},"end":{"line":214,"column":80}},"214":{"start":{"line":215,"column":0},"end":{"line":215,"column":41}},"215":{"start":{"line":216,"column":0},"end":{"line":216,"column":29}},"216":{"start":{"line":217,"column":0},"end":{"line":217,"column":0}},"217":{"start":{"line":218,"column":0},"end":{"line":218,"column":53}},"218":{"start":{"line":219,"column":0},"end":{"line":219,"column":0}},"219":{"start":{"line":220,"column":0},"end":{"line":220,"column":10}},"220":{"start":{"line":221,"column":0},"end":{"line":221,"column":40}},"221":{"start":{"line":222,"column":0},"end":{"line":222,"column":11}},"222":{"start":{"line":223,"column":0},"end":{"line":223,"column":61}},"223":{"start":{"line":224,"column":0},"end":{"line":224,"column":64}},"224":{"start":{"line":225,"column":0},"end":{"line":225,"column":28}},"225":{"start":{"line":226,"column":0},"end":{"line":226,"column":9}},"226":{"start":{"line":227,"column":0},"end":{"line":227,"column":40}},"227":{"start":{"line":228,"column":0},"end":{"line":228,"column":11}},"228":{"start":{"line":229,"column":0},"end":{"line":229,"column":58}},"229":{"start":{"line":230,"column":0},"end":{"line":230,"column":65}},"230":{"start":{"line":231,"column":0},"end":{"line":231,"column":30}},"231":{"start":{"line":232,"column":0},"end":{"line":232,"column":9}},"232":{"start":{"line":233,"column":0},"end":{"line":233,"column":40}},"233":{"start":{"line":234,"column":0},"end":{"line":234,"column":11}},"234":{"start":{"line":235,"column":0},"end":{"line":235,"column":76}},"235":{"start":{"line":236,"column":0},"end":{"line":236,"column":76}},"236":{"start":{"line":237,"column":0},"end":{"line":237,"column":33}},"237":{"start":{"line":238,"column":0},"end":{"line":238,"column":9}},"238":{"start":{"line":239,"column":0},"end":{"line":239,"column":40}},"239":{"start":{"line":240,"column":0},"end":{"line":240,"column":11}},"240":{"start":{"line":241,"column":0},"end":{"line":241,"column":74}},"241":{"start":{"line":242,"column":0},"end":{"line":242,"column":78}},"242":{"start":{"line":243,"column":0},"end":{"line":243,"column":33}},"243":{"start":{"line":244,"column":0},"end":{"line":244,"column":6}},"244":{"start":{"line":245,"column":0},"end":{"line":245,"column":4}},"245":{"start":{"line":246,"column":0},"end":{"line":246,"column":2}},"246":{"start":{"line":247,"column":0},"end":{"line":247,"column":0}},"247":{"start":{"line":248,"column":0},"end":{"line":248,"column":37}},"248":{"start":{"line":249,"column":0},"end":{"line":249,"column":20}},"249":{"start":{"line":250,"column":0},"end":{"line":250,"column":14}},"250":{"start":{"line":251,"column":0},"end":{"line":251,"column":15}},"251":{"start":{"line":252,"column":0},"end":{"line":252,"column":13}},"252":{"start":{"line":253,"column":0},"end":{"line":253,"column":30}},"253":{"start":{"line":254,"column":0},"end":{"line":254,"column":78}},"254":{"start":{"line":255,"column":0},"end":{"line":255,"column":28}},"255":{"start":{"line":256,"column":0},"end":{"line":256,"column":11}},"256":{"start":{"line":257,"column":0},"end":{"line":257,"column":3}},"257":{"start":{"line":258,"column":0},"end":{"line":258,"column":0}},"258":{"start":{"line":259,"column":0},"end":{"line":259,"column":41}},"259":{"start":{"line":260,"column":0},"end":{"line":260,"column":54}},"260":{"start":{"line":261,"column":0},"end":{"line":261,"column":20}},"261":{"start":{"line":262,"column":0},"end":{"line":262,"column":11}},"262":{"start":{"line":263,"column":0},"end":{"line":263,"column":3}},"263":{"start":{"line":264,"column":0},"end":{"line":264,"column":0}},"264":{"start":{"line":265,"column":0},"end":{"line":265,"column":47}},"265":{"start":{"line":266,"column":0},"end":{"line":266,"column":43}},"266":{"start":{"line":267,"column":0},"end":{"line":267,"column":61}},"267":{"start":{"line":268,"column":0},"end":{"line":268,"column":0}},"268":{"start":{"line":269,"column":0},"end":{"line":269,"column":24}},"269":{"start":{"line":270,"column":0},"end":{"line":270,"column":34}},"270":{"start":{"line":271,"column":0},"end":{"line":271,"column":53}},"271":{"start":{"line":272,"column":0},"end":{"line":272,"column":2}},"272":{"start":{"line":273,"column":0},"end":{"line":273,"column":0}},"273":{"start":{"line":274,"column":0},"end":{"line":274,"column":60}},"274":{"start":{"line":275,"column":0},"end":{"line":275,"column":29}},"275":{"start":{"line":276,"column":0},"end":{"line":276,"column":33}},"276":{"start":{"line":277,"column":0},"end":{"line":277,"column":2}},"277":{"start":{"line":278,"column":0},"end":{"line":278,"column":0}},"278":{"start":{"line":279,"column":0},"end":{"line":279,"column":61}},"279":{"start":{"line":280,"column":0},"end":{"line":280,"column":29}},"280":{"start":{"line":281,"column":0},"end":{"line":281,"column":29}},"281":{"start":{"line":282,"column":0},"end":{"line":282,"column":2}},"282":{"start":{"line":283,"column":0},"end":{"line":283,"column":0}},"283":{"start":{"line":284,"column":0},"end":{"line":284,"column":49}},"284":{"start":{"line":285,"column":0},"end":{"line":285,"column":66}},"285":{"start":{"line":286,"column":0},"end":{"line":286,"column":16}},"286":{"start":{"line":287,"column":0},"end":{"line":287,"column":30}},"287":{"start":{"line":288,"column":0},"end":{"line":288,"column":18}},"288":{"start":{"line":289,"column":0},"end":{"line":289,"column":32}},"289":{"start":{"line":290,"column":0},"end":{"line":290,"column":2}},"290":{"start":{"line":291,"column":0},"end":{"line":291,"column":0}},"291":{"start":{"line":292,"column":0},"end":{"line":292,"column":41}},"292":{"start":{"line":293,"column":0},"end":{"line":293,"column":14}},"293":{"start":{"line":294,"column":0},"end":{"line":294,"column":14}},"294":{"start":{"line":295,"column":0},"end":{"line":295,"column":15}},"295":{"start":{"line":296,"column":0},"end":{"line":296,"column":47}},"296":{"start":{"line":297,"column":0},"end":{"line":297,"column":2}},"297":{"start":{"line":298,"column":0},"end":{"line":298,"column":0}},"298":{"start":{"line":299,"column":0},"end":{"line":299,"column":31}},"299":{"start":{"line":300,"column":0},"end":{"line":300,"column":14}},"300":{"start":{"line":301,"column":0},"end":{"line":301,"column":14}},"301":{"start":{"line":302,"column":0},"end":{"line":302,"column":23}},"302":{"start":{"line":303,"column":0},"end":{"line":303,"column":15}},"303":{"start":{"line":304,"column":0},"end":{"line":304,"column":21}},"304":{"start":{"line":305,"column":0},"end":{"line":305,"column":28}},"305":{"start":{"line":306,"column":0},"end":{"line":306,"column":60}},"306":{"start":{"line":307,"column":0},"end":{"line":307,"column":10}},"307":{"start":{"line":308,"column":0},"end":{"line":308,"column":45}},"308":{"start":{"line":309,"column":0},"end":{"line":309,"column":37}},"309":{"start":{"line":310,"column":0},"end":{"line":310,"column":24}},"310":{"start":{"line":311,"column":0},"end":{"line":311,"column":24}},"311":{"start":{"line":312,"column":0},"end":{"line":312,"column":25}},"312":{"start":{"line":313,"column":0},"end":{"line":313,"column":67}},"313":{"start":{"line":314,"column":0},"end":{"line":314,"column":4}},"314":{"start":{"line":315,"column":0},"end":{"line":315,"column":2}},"315":{"start":{"line":316,"column":0},"end":{"line":316,"column":0}},"316":{"start":{"line":317,"column":0},"end":{"line":317,"column":68}},"317":{"start":{"line":318,"column":0},"end":{"line":318,"column":33}},"318":{"start":{"line":319,"column":0},"end":{"line":319,"column":0}},"319":{"start":{"line":320,"column":0},"end":{"line":320,"column":29}},"320":{"start":{"line":321,"column":0},"end":{"line":321,"column":54}},"321":{"start":{"line":322,"column":0},"end":{"line":322,"column":8}},"322":{"start":{"line":323,"column":0},"end":{"line":323,"column":11}},"323":{"start":{"line":324,"column":0},"end":{"line":324,"column":16}},"324":{"start":{"line":325,"column":0},"end":{"line":325,"column":79}},"325":{"start":{"line":326,"column":0},"end":{"line":326,"column":7}},"326":{"start":{"line":327,"column":0},"end":{"line":327,"column":17}},"327":{"start":{"line":328,"column":0},"end":{"line":328,"column":14}},"328":{"start":{"line":329,"column":0},"end":{"line":329,"column":0}},"329":{"start":{"line":330,"column":0},"end":{"line":330,"column":10}},"330":{"start":{"line":331,"column":0},"end":{"line":331,"column":20}},"331":{"start":{"line":332,"column":0},"end":{"line":332,"column":24}},"332":{"start":{"line":333,"column":0},"end":{"line":333,"column":16}},"333":{"start":{"line":334,"column":0},"end":{"line":334,"column":25}},"334":{"start":{"line":335,"column":0},"end":{"line":335,"column":22}},"335":{"start":{"line":336,"column":0},"end":{"line":336,"column":4}},"336":{"start":{"line":337,"column":0},"end":{"line":337,"column":2}},"337":{"start":{"line":338,"column":0},"end":{"line":338,"column":0}},"338":{"start":{"line":339,"column":0},"end":{"line":339,"column":32}},"339":{"start":{"line":340,"column":0},"end":{"line":340,"column":36}},"340":{"start":{"line":341,"column":0},"end":{"line":341,"column":39}},"341":{"start":{"line":342,"column":0},"end":{"line":342,"column":36}},"342":{"start":{"line":343,"column":0},"end":{"line":343,"column":24}},"343":{"start":{"line":344,"column":0},"end":{"line":344,"column":0}},"344":{"start":{"line":345,"column":0},"end":{"line":345,"column":10}},"345":{"start":{"line":346,"column":0},"end":{"line":346,"column":6}},"346":{"start":{"line":347,"column":0},"end":{"line":347,"column":27}},"347":{"start":{"line":348,"column":0},"end":{"line":348,"column":27}},"348":{"start":{"line":349,"column":0},"end":{"line":349,"column":14}},"349":{"start":{"line":350,"column":0},"end":{"line":350,"column":48}},"350":{"start":{"line":351,"column":0},"end":{"line":351,"column":70}},"351":{"start":{"line":352,"column":0},"end":{"line":352,"column":55}},"352":{"start":{"line":353,"column":0},"end":{"line":353,"column":17}},"353":{"start":{"line":354,"column":0},"end":{"line":354,"column":10}},"354":{"start":{"line":355,"column":0},"end":{"line":355,"column":8}},"355":{"start":{"line":356,"column":0},"end":{"line":356,"column":7}},"356":{"start":{"line":357,"column":0},"end":{"line":357,"column":4}},"357":{"start":{"line":358,"column":0},"end":{"line":358,"column":2}},"358":{"start":{"line":359,"column":0},"end":{"line":359,"column":0}},"359":{"start":{"line":360,"column":0},"end":{"line":360,"column":33}},"360":{"start":{"line":361,"column":0},"end":{"line":361,"column":36}},"361":{"start":{"line":362,"column":0},"end":{"line":362,"column":32}},"362":{"start":{"line":363,"column":0},"end":{"line":363,"column":0}},"363":{"start":{"line":364,"column":0},"end":{"line":364,"column":10}},"364":{"start":{"line":365,"column":0},"end":{"line":365,"column":6}},"365":{"start":{"line":366,"column":0},"end":{"line":366,"column":44}},"366":{"start":{"line":367,"column":0},"end":{"line":367,"column":12}},"367":{"start":{"line":368,"column":0},"end":{"line":368,"column":46}},"368":{"start":{"line":369,"column":0},"end":{"line":369,"column":58}},"369":{"start":{"line":370,"column":0},"end":{"line":370,"column":15}},"370":{"start":{"line":371,"column":0},"end":{"line":371,"column":9}},"371":{"start":{"line":372,"column":0},"end":{"line":372,"column":7}},"372":{"start":{"line":373,"column":0},"end":{"line":373,"column":4}},"373":{"start":{"line":374,"column":0},"end":{"line":374,"column":2}},"374":{"start":{"line":375,"column":0},"end":{"line":375,"column":0}},"375":{"start":{"line":376,"column":0},"end":{"line":376,"column":68}},"376":{"start":{"line":377,"column":0},"end":{"line":377,"column":36}},"377":{"start":{"line":378,"column":0},"end":{"line":378,"column":29}},"378":{"start":{"line":379,"column":0},"end":{"line":379,"column":0}},"379":{"start":{"line":380,"column":0},"end":{"line":380,"column":60}},"380":{"start":{"line":381,"column":0},"end":{"line":381,"column":2}},"381":{"start":{"line":382,"column":0},"end":{"line":382,"column":0}},"382":{"start":{"line":383,"column":0},"end":{"line":383,"column":46}},"383":{"start":{"line":384,"column":0},"end":{"line":384,"column":26}},"384":{"start":{"line":385,"column":0},"end":{"line":385,"column":18}},"385":{"start":{"line":386,"column":0},"end":{"line":386,"column":40}},"386":{"start":{"line":387,"column":0},"end":{"line":387,"column":14}},"387":{"start":{"line":388,"column":0},"end":{"line":388,"column":16}},"388":{"start":{"line":389,"column":0},"end":{"line":389,"column":22}},"389":{"start":{"line":390,"column":0},"end":{"line":390,"column":2}},"390":{"start":{"line":391,"column":0},"end":{"line":391,"column":0}},"391":{"start":{"line":392,"column":0},"end":{"line":392,"column":52}},"392":{"start":{"line":393,"column":0},"end":{"line":393,"column":17}},"393":{"start":{"line":394,"column":0},"end":{"line":394,"column":25}},"394":{"start":{"line":395,"column":0},"end":{"line":395,"column":2}},"395":{"start":{"line":396,"column":0},"end":{"line":396,"column":0}},"396":{"start":{"line":397,"column":0},"end":{"line":397,"column":46}},"397":{"start":{"line":398,"column":0},"end":{"line":398,"column":18}},"398":{"start":{"line":399,"column":0},"end":{"line":399,"column":14}},"399":{"start":{"line":400,"column":0},"end":{"line":400,"column":22}},"400":{"start":{"line":401,"column":0},"end":{"line":401,"column":31}},"401":{"start":{"line":402,"column":0},"end":{"line":402,"column":37}},"402":{"start":{"line":403,"column":0},"end":{"line":403,"column":31}},"403":{"start":{"line":404,"column":0},"end":{"line":404,"column":35}},"404":{"start":{"line":405,"column":0},"end":{"line":405,"column":18}},"405":{"start":{"line":406,"column":0},"end":{"line":406,"column":4}},"406":{"start":{"line":407,"column":0},"end":{"line":407,"column":22}},"407":{"start":{"line":408,"column":0},"end":{"line":408,"column":2}},"408":{"start":{"line":409,"column":0},"end":{"line":409,"column":0}},"409":{"start":{"line":410,"column":0},"end":{"line":410,"column":33}},"410":{"start":{"line":411,"column":0},"end":{"line":411,"column":36}},"411":{"start":{"line":412,"column":0},"end":{"line":412,"column":78}},"412":{"start":{"line":413,"column":0},"end":{"line":413,"column":0}},"413":{"start":{"line":414,"column":0},"end":{"line":414,"column":10}},"414":{"start":{"line":415,"column":0},"end":{"line":415,"column":58}},"415":{"start":{"line":416,"column":0},"end":{"line":416,"column":35}},"416":{"start":{"line":417,"column":0},"end":{"line":417,"column":73}},"417":{"start":{"line":418,"column":0},"end":{"line":418,"column":67}},"418":{"start":{"line":419,"column":0},"end":{"line":419,"column":14}},"419":{"start":{"line":420,"column":0},"end":{"line":420,"column":53}},"420":{"start":{"line":421,"column":0},"end":{"line":421,"column":23}},"421":{"start":{"line":422,"column":0},"end":{"line":422,"column":24}},"422":{"start":{"line":423,"column":0},"end":{"line":423,"column":67}},"423":{"start":{"line":424,"column":0},"end":{"line":424,"column":10}},"424":{"start":{"line":425,"column":0},"end":{"line":425,"column":61}},"425":{"start":{"line":426,"column":0},"end":{"line":426,"column":14}},"426":{"start":{"line":427,"column":0},"end":{"line":427,"column":50}},"427":{"start":{"line":428,"column":0},"end":{"line":428,"column":23}},"428":{"start":{"line":429,"column":0},"end":{"line":429,"column":21}},"429":{"start":{"line":430,"column":0},"end":{"line":430,"column":64}},"430":{"start":{"line":431,"column":0},"end":{"line":431,"column":10}},"431":{"start":{"line":432,"column":0},"end":{"line":432,"column":65}},"432":{"start":{"line":433,"column":0},"end":{"line":433,"column":14}},"433":{"start":{"line":434,"column":0},"end":{"line":434,"column":52}},"434":{"start":{"line":435,"column":0},"end":{"line":435,"column":23}},"435":{"start":{"line":436,"column":0},"end":{"line":436,"column":23}},"436":{"start":{"line":437,"column":0},"end":{"line":437,"column":66}},"437":{"start":{"line":438,"column":0},"end":{"line":438,"column":10}},"438":{"start":{"line":439,"column":0},"end":{"line":439,"column":15}},"439":{"start":{"line":440,"column":0},"end":{"line":440,"column":46}},"440":{"start":{"line":441,"column":0},"end":{"line":441,"column":53}},"441":{"start":{"line":442,"column":0},"end":{"line":442,"column":9}},"442":{"start":{"line":443,"column":0},"end":{"line":443,"column":15}},"443":{"start":{"line":444,"column":0},"end":{"line":444,"column":17}},"444":{"start":{"line":445,"column":0},"end":{"line":445,"column":12}},"445":{"start":{"line":446,"column":0},"end":{"line":446,"column":13}},"446":{"start":{"line":447,"column":0},"end":{"line":447,"column":4}},"447":{"start":{"line":448,"column":0},"end":{"line":448,"column":2}},"448":{"start":{"line":449,"column":0},"end":{"line":449,"column":0}},"449":{"start":{"line":450,"column":0},"end":{"line":450,"column":38}},"450":{"start":{"line":451,"column":0},"end":{"line":451,"column":20}},"451":{"start":{"line":452,"column":0},"end":{"line":452,"column":27}},"452":{"start":{"line":453,"column":0},"end":{"line":453,"column":10}},"453":{"start":{"line":454,"column":0},"end":{"line":454,"column":18}},"454":{"start":{"line":455,"column":0},"end":{"line":455,"column":67}},"455":{"start":{"line":456,"column":0},"end":{"line":456,"column":4}},"456":{"start":{"line":457,"column":0},"end":{"line":457,"column":2}},"457":{"start":{"line":458,"column":0},"end":{"line":458,"column":0}},"458":{"start":{"line":459,"column":0},"end":{"line":459,"column":33}},"459":{"start":{"line":460,"column":0},"end":{"line":460,"column":36}},"460":{"start":{"line":461,"column":0},"end":{"line":461,"column":45}},"461":{"start":{"line":462,"column":0},"end":{"line":462,"column":0}},"462":{"start":{"line":463,"column":0},"end":{"line":463,"column":10}},"463":{"start":{"line":464,"column":0},"end":{"line":464,"column":33}},"464":{"start":{"line":465,"column":0},"end":{"line":465,"column":13}},"465":{"start":{"line":466,"column":0},"end":{"line":466,"column":45}},"466":{"start":{"line":467,"column":0},"end":{"line":467,"column":46}},"467":{"start":{"line":468,"column":0},"end":{"line":468,"column":7}},"468":{"start":{"line":469,"column":0},"end":{"line":469,"column":60}},"469":{"start":{"line":470,"column":0},"end":{"line":470,"column":48}},"470":{"start":{"line":471,"column":0},"end":{"line":471,"column":15}},"471":{"start":{"line":472,"column":0},"end":{"line":472,"column":13}},"472":{"start":{"line":473,"column":0},"end":{"line":473,"column":33}},"473":{"start":{"line":474,"column":0},"end":{"line":474,"column":50}},"474":{"start":{"line":475,"column":0},"end":{"line":475,"column":38}},"475":{"start":{"line":476,"column":0},"end":{"line":476,"column":7}},"476":{"start":{"line":477,"column":0},"end":{"line":477,"column":19}},"477":{"start":{"line":478,"column":0},"end":{"line":478,"column":15}},"478":{"start":{"line":479,"column":0},"end":{"line":479,"column":13}},"479":{"start":{"line":480,"column":0},"end":{"line":480,"column":33}},"480":{"start":{"line":481,"column":0},"end":{"line":481,"column":39}},"481":{"start":{"line":482,"column":0},"end":{"line":482,"column":38}},"482":{"start":{"line":483,"column":0},"end":{"line":483,"column":7}},"483":{"start":{"line":484,"column":0},"end":{"line":484,"column":48}},"484":{"start":{"line":485,"column":0},"end":{"line":485,"column":15}},"485":{"start":{"line":486,"column":0},"end":{"line":486,"column":10}},"486":{"start":{"line":487,"column":0},"end":{"line":487,"column":4}},"487":{"start":{"line":488,"column":0},"end":{"line":488,"column":2}},"488":{"start":{"line":489,"column":0},"end":{"line":489,"column":0}},"489":{"start":{"line":490,"column":0},"end":{"line":490,"column":27}},"490":{"start":{"line":491,"column":0},"end":{"line":491,"column":10}},"491":{"start":{"line":492,"column":0},"end":{"line":492,"column":15}},"492":{"start":{"line":493,"column":0},"end":{"line":493,"column":20}},"493":{"start":{"line":494,"column":0},"end":{"line":494,"column":19}},"494":{"start":{"line":495,"column":0},"end":{"line":495,"column":20}},"495":{"start":{"line":496,"column":0},"end":{"line":496,"column":20}},"496":{"start":{"line":497,"column":0},"end":{"line":497,"column":16}},"497":{"start":{"line":498,"column":0},"end":{"line":498,"column":4}},"498":{"start":{"line":499,"column":0},"end":{"line":499,"column":2}},"499":{"start":{"line":500,"column":0},"end":{"line":500,"column":0}},"500":{"start":{"line":501,"column":0},"end":{"line":501,"column":71}},"501":{"start":{"line":502,"column":0},"end":{"line":502,"column":29}},"502":{"start":{"line":503,"column":0},"end":{"line":503,"column":68}},"503":{"start":{"line":504,"column":0},"end":{"line":504,"column":0}},"504":{"start":{"line":505,"column":0},"end":{"line":505,"column":10}},"505":{"start":{"line":506,"column":0},"end":{"line":506,"column":40}},"506":{"start":{"line":507,"column":0},"end":{"line":507,"column":21}},"507":{"start":{"line":508,"column":0},"end":{"line":508,"column":27}},"508":{"start":{"line":509,"column":0},"end":{"line":509,"column":4}},"509":{"start":{"line":510,"column":0},"end":{"line":510,"column":2}},"510":{"start":{"line":511,"column":0},"end":{"line":511,"column":0}},"511":{"start":{"line":512,"column":0},"end":{"line":512,"column":26}},"512":{"start":{"line":513,"column":0},"end":{"line":513,"column":10}},"513":{"start":{"line":514,"column":0},"end":{"line":514,"column":18}},"514":{"start":{"line":515,"column":0},"end":{"line":515,"column":14}},"515":{"start":{"line":516,"column":0},"end":{"line":516,"column":19}},"516":{"start":{"line":517,"column":0},"end":{"line":517,"column":4}},"517":{"start":{"line":518,"column":0},"end":{"line":518,"column":2}}},"s":{"0":1,"1":1,"2":1,"3":1,"4":1,"5":1,"6":1,"7":1,"8":1,"9":1,"10":1,"11":1,"12":1,"13":1,"14":1,"15":1,"16":1,"17":1,"18":1,"19":1,"20":1,"21":1,"22":1,"23":1,"24":1,"25":1,"26":101,"27":101,"28":101,"29":101,"30":101,"31":101,"32":101,"33":101,"34":101,"35":101,"36":101,"37":101,"38":101,"39":101,"40":101,"41":101,"42":101,"43":101,"44":101,"45":101,"46":101,"47":101,"48":101,"49":101,"50":101,"51":101,"52":101,"53":101,"54":101,"55":101,"56":101,"57":101,"58":101,"59":101,"60":101,"61":101,"62":101,"63":101,"64":101,"65":101,"66":101,"67":101,"68":101,"69":101,"70":101,"71":101,"72":101,"73":101,"74":101,"75":101,"76":101,"77":101,"78":101,"79":101,"80":101,"81":101,"82":101,"83":101,"84":101,"85":101,"86":101,"87":101,"88":1,"89":1,"90":1,"91":1,"92":1,"93":1,"94":1,"95":1,"96":1,"97":1,"98":1,"99":1,"100":1,"101":1,"102":1,"103":1,"104":1,"105":1,"106":1,"107":1,"108":1,"109":1,"110":1,"111":1,"112":1,"113":1,"114":1,"115":1,"116":1,"117":1,"118":1,"119":1,"120":1,"121":1,"122":1,"123":1,"124":1,"125":58,"126":58,"127":1,"128":1,"129":45,"130":45,"131":41,"132":41,"133":4,"134":4,"135":45,"136":45,"137":45,"138":45,"139":1,"140":1,"141":0,"142":0,"143":0,"144":1,"145":1,"146":10,"147":10,"148":10,"149":10,"150":10,"151":10,"152":10,"153":10,"154":10,"155":10,"156":10,"157":0,"158":0,"159":0,"160":0,"161":0,"162":10,"163":10,"164":10,"165":1,"166":1,"167":1,"168":1,"169":1,"170":1,"171":1,"172":1,"173":204,"174":204,"175":204,"176":204,"177":204,"178":204,"179":204,"180":204,"181":204,"182":204,"183":204,"184":204,"185":204,"186":204,"187":204,"188":204,"189":204,"190":204,"191":204,"192":204,"193":408,"194":408,"195":653,"196":302,"197":302,"198":351,"199":351,"200":653,"201":267,"202":267,"203":84,"204":84,"205":408,"206":204,"207":204,"208":204,"209":204,"210":204,"211":204,"212":1,"213":1,"214":58,"215":58,"216":58,"217":58,"218":58,"219":58,"220":58,"221":58,"222":58,"223":58,"224":58,"225":58,"226":53,"227":53,"228":53,"229":53,"230":53,"231":53,"232":48,"233":48,"234":48,"235":48,"236":48,"237":48,"238":45,"239":45,"240":45,"241":45,"242":45,"243":45,"244":58,"245":58,"246":1,"247":1,"248":77,"249":77,"250":77,"251":77,"252":77,"253":77,"254":77,"255":19,"256":19,"257":58,"258":58,"259":77,"260":77,"261":0,"262":0,"263":58,"264":58,"265":58,"266":77,"267":77,"268":77,"269":77,"270":77,"271":77,"272":1,"273":1,"274":0,"275":0,"276":0,"277":1,"278":1,"279":0,"280":0,"281":0,"282":1,"283":1,"284":1,"285":1,"286":1,"287":1,"288":1,"289":1,"290":1,"291":1,"292":0,"293":0,"294":0,"295":0,"296":0,"297":1,"298":1,"299":0,"300":0,"301":0,"302":0,"303":0,"304":0,"305":0,"306":0,"307":0,"308":0,"309":0,"310":0,"311":0,"312":0,"313":0,"314":0,"315":1,"316":1,"317":0,"318":0,"319":0,"320":0,"321":0,"322":0,"323":0,"324":0,"325":0,"326":0,"327":0,"328":0,"329":0,"330":0,"331":0,"332":0,"333":0,"334":0,"335":0,"336":0,"337":1,"338":1,"339":0,"340":0,"341":0,"342":0,"343":0,"344":0,"345":0,"346":0,"347":0,"348":0,"349":0,"350":0,"351":0,"352":0,"353":0,"354":0,"355":0,"356":0,"357":0,"358":1,"359":1,"360":0,"361":0,"362":0,"363":0,"364":0,"365":0,"366":0,"367":0,"368":0,"369":0,"370":0,"371":0,"372":0,"373":0,"374":1,"375":1,"376":0,"377":0,"378":0,"379":0,"380":0,"381":1,"382":1,"383":1,"384":1,"385":1,"386":1,"387":1,"388":1,"389":1,"390":1,"391":1,"392":1,"393":1,"394":1,"395":1,"396":1,"397":1,"398":1,"399":1,"400":1,"401":1,"402":1,"403":1,"404":1,"405":1,"406":1,"407":1,"408":1,"409":1,"410":0,"411":0,"412":0,"413":0,"414":0,"415":0,"416":0,"417":0,"418":0,"419":0,"420":0,"421":0,"422":0,"423":0,"424":0,"425":0,"426":0,"427":0,"428":0,"429":0,"430":0,"431":0,"432":0,"433":0,"434":0,"435":0,"436":0,"437":0,"438":0,"439":0,"440":0,"441":0,"442":0,"443":0,"444":0,"445":0,"446":0,"447":0,"448":1,"449":1,"450":0,"451":0,"452":0,"453":0,"454":0,"455":0,"456":0,"457":1,"458":1,"459":0,"460":0,"461":0,"462":0,"463":0,"464":0,"465":0,"466":0,"467":0,"468":0,"469":0,"470":0,"471":0,"472":0,"473":0,"474":0,"475":0,"476":0,"477":0,"478":0,"479":0,"480":0,"481":0,"482":0,"483":0,"484":0,"485":0,"486":0,"487":0,"488":1,"489":1,"490":0,"491":0,"492":0,"493":0,"494":0,"495":0,"496":0,"497":0,"498":0,"499":1,"500":1,"501":0,"502":0,"503":0,"504":0,"505":0,"506":0,"507":0,"508":0,"509":0,"510":1,"511":1,"512":0,"513":0,"514":0,"515":0,"516":0,"517":0},"branchMap":{"0":{"type":"branch","line":6,"loc":{"start":{"line":6,"column":12},"end":{"line":6,"column":22}},"locations":[{"start":{"line":6,"column":12},"end":{"line":6,"column":22}}]},"1":{"type":"branch","line":11,"loc":{"start":{"line":11,"column":12},"end":{"line":11,"column":25}},"locations":[{"start":{"line":11,"column":12},"end":{"line":11,"column":25}}]},"2":{"type":"branch","line":26,"loc":{"start":{"line":26,"column":23},"end":{"line":88,"column":2}},"locations":[{"start":{"line":26,"column":23},"end":{"line":88,"column":2}}]},"3":{"type":"branch","line":46,"loc":{"start":{"line":46,"column":37},"end":{"line":46,"column":59}},"locations":[{"start":{"line":46,"column":37},"end":{"line":46,"column":59}}]},"4":{"type":"branch","line":49,"loc":{"start":{"line":49,"column":4},"end":{"line":49,"column":53}},"locations":[{"start":{"line":49,"column":4},"end":{"line":49,"column":53}}]},"5":{"type":"branch","line":49,"loc":{"start":{"line":49,"column":40},"end":{"line":49,"column":53}},"locations":[{"start":{"line":49,"column":40},"end":{"line":49,"column":53}}]},"6":{"type":"branch","line":54,"loc":{"start":{"line":54,"column":4},"end":{"line":54,"column":54}},"locations":[{"start":{"line":54,"column":4},"end":{"line":54,"column":54}}]},"7":{"type":"branch","line":54,"loc":{"start":{"line":54,"column":41},"end":{"line":54,"column":54}},"locations":[{"start":{"line":54,"column":41},"end":{"line":54,"column":54}}]},"8":{"type":"branch","line":58,"loc":{"start":{"line":58,"column":4},"end":{"line":58,"column":51}},"locations":[{"start":{"line":58,"column":4},"end":{"line":58,"column":51}}]},"9":{"type":"branch","line":58,"loc":{"start":{"line":58,"column":38},"end":{"line":58,"column":51}},"locations":[{"start":{"line":58,"column":38},"end":{"line":58,"column":51}}]},"10":{"type":"branch","line":125,"loc":{"start":{"line":125,"column":32},"end":{"line":127,"column":2}},"locations":[{"start":{"line":125,"column":32},"end":{"line":127,"column":2}}]},"11":{"type":"branch","line":126,"loc":{"start":{"line":126,"column":36},"end":{"line":126,"column":58}},"locations":[{"start":{"line":126,"column":36},"end":{"line":126,"column":58}}]},"12":{"type":"branch","line":126,"loc":{"start":{"line":126,"column":58},"end":{"line":126,"column":78}},"locations":[{"start":{"line":126,"column":58},"end":{"line":126,"column":78}}]},"13":{"type":"branch","line":129,"loc":{"start":{"line":129,"column":32},"end":{"line":139,"column":2}},"locations":[{"start":{"line":129,"column":32},"end":{"line":139,"column":2}}]},"14":{"type":"branch","line":131,"loc":{"start":{"line":131,"column":40},"end":{"line":133,"column":3}},"locations":[{"start":{"line":131,"column":40},"end":{"line":133,"column":3}}]},"15":{"type":"branch","line":133,"loc":{"start":{"line":133,"column":2},"end":{"line":136,"column":34}},"locations":[{"start":{"line":133,"column":2},"end":{"line":136,"column":34}}]},"16":{"type":"branch","line":136,"loc":{"start":{"line":136,"column":31},"end":{"line":136,"column":48}},"locations":[{"start":{"line":136,"column":31},"end":{"line":136,"column":48}}]},"17":{"type":"branch","line":136,"loc":{"start":{"line":136,"column":48},"end":{"line":136,"column":67}},"locations":[{"start":{"line":136,"column":48},"end":{"line":136,"column":67}}]},"18":{"type":"branch","line":146,"loc":{"start":{"line":146,"column":31},"end":{"line":165,"column":2}},"locations":[{"start":{"line":146,"column":31},"end":{"line":165,"column":2}}]},"19":{"type":"branch","line":157,"loc":{"start":{"line":157,"column":27},"end":{"line":162,"column":3}},"locations":[{"start":{"line":157,"column":27},"end":{"line":162,"column":3}}]},"20":{"type":"branch","line":153,"loc":{"start":{"line":153,"column":12},"end":{"line":153,"column":33}},"locations":[{"start":{"line":153,"column":12},"end":{"line":153,"column":33}}]},"21":{"type":"branch","line":173,"loc":{"start":{"line":173,"column":50},"end":{"line":212,"column":2}},"locations":[{"start":{"line":173,"column":50},"end":{"line":212,"column":2}}]},"22":{"type":"branch","line":185,"loc":{"start":{"line":185,"column":12},"end":{"line":185,"column":78}},"locations":[{"start":{"line":185,"column":12},"end":{"line":185,"column":78}}]},"23":{"type":"branch","line":185,"loc":{"start":{"line":185,"column":28},"end":{"line":185,"column":47}},"locations":[{"start":{"line":185,"column":28},"end":{"line":185,"column":47}}]},"24":{"type":"branch","line":185,"loc":{"start":{"line":185,"column":42},"end":{"line":185,"column":65}},"locations":[{"start":{"line":185,"column":42},"end":{"line":185,"column":65}}]},"25":{"type":"branch","line":185,"loc":{"start":{"line":185,"column":55},"end":{"line":185,"column":78}},"locations":[{"start":{"line":185,"column":55},"end":{"line":185,"column":78}}]},"26":{"type":"branch","line":188,"loc":{"start":{"line":188,"column":12},"end":{"line":188,"column":78}},"locations":[{"start":{"line":188,"column":12},"end":{"line":188,"column":78}}]},"27":{"type":"branch","line":188,"loc":{"start":{"line":188,"column":42},"end":{"line":188,"column":65}},"locations":[{"start":{"line":188,"column":42},"end":{"line":188,"column":65}}]},"28":{"type":"branch","line":188,"loc":{"start":{"line":188,"column":55},"end":{"line":188,"column":78}},"locations":[{"start":{"line":188,"column":55},"end":{"line":188,"column":78}}]},"29":{"type":"branch","line":193,"loc":{"start":{"line":193,"column":8},"end":{"line":206,"column":10}},"locations":[{"start":{"line":193,"column":8},"end":{"line":206,"column":10}}]},"30":{"type":"branch","line":195,"loc":{"start":{"line":195,"column":6},"end":{"line":205,"column":8}},"locations":[{"start":{"line":195,"column":6},"end":{"line":205,"column":8}}]},"31":{"type":"branch","line":196,"loc":{"start":{"line":196,"column":22},"end":{"line":198,"column":9}},"locations":[{"start":{"line":196,"column":22},"end":{"line":198,"column":9}}]},"32":{"type":"branch","line":198,"loc":{"start":{"line":198,"column":8},"end":{"line":201,"column":63}},"locations":[{"start":{"line":198,"column":8},"end":{"line":201,"column":63}}]},"33":{"type":"branch","line":201,"loc":{"start":{"line":201,"column":63},"end":{"line":203,"column":9}},"locations":[{"start":{"line":201,"column":63},"end":{"line":203,"column":9}}]},"34":{"type":"branch","line":203,"loc":{"start":{"line":203,"column":8},"end":{"line":205,"column":8}},"locations":[{"start":{"line":203,"column":8},"end":{"line":205,"column":8}}]},"35":{"type":"branch","line":214,"loc":{"start":{"line":214,"column":29},"end":{"line":246,"column":2}},"locations":[{"start":{"line":214,"column":29},"end":{"line":246,"column":2}}]},"36":{"type":"branch","line":226,"loc":{"start":{"line":226,"column":4},"end":{"line":232,"column":9}},"locations":[{"start":{"line":226,"column":4},"end":{"line":232,"column":9}}]},"37":{"type":"branch","line":232,"loc":{"start":{"line":232,"column":4},"end":{"line":238,"column":9}},"locations":[{"start":{"line":232,"column":4},"end":{"line":238,"column":9}}]},"38":{"type":"branch","line":238,"loc":{"start":{"line":238,"column":4},"end":{"line":244,"column":6}},"locations":[{"start":{"line":238,"column":4},"end":{"line":244,"column":6}}]},"39":{"type":"branch","line":223,"loc":{"start":{"line":223,"column":15},"end":{"line":223,"column":61}},"locations":[{"start":{"line":223,"column":15},"end":{"line":223,"column":61}}]},"40":{"type":"branch","line":224,"loc":{"start":{"line":224,"column":16},"end":{"line":224,"column":64}},"locations":[{"start":{"line":224,"column":16},"end":{"line":224,"column":64}}]},"41":{"type":"branch","line":229,"loc":{"start":{"line":229,"column":15},"end":{"line":229,"column":58}},"locations":[{"start":{"line":229,"column":15},"end":{"line":229,"column":58}}]},"42":{"type":"branch","line":230,"loc":{"start":{"line":230,"column":16},"end":{"line":230,"column":65}},"locations":[{"start":{"line":230,"column":16},"end":{"line":230,"column":65}}]},"43":{"type":"branch","line":235,"loc":{"start":{"line":235,"column":15},"end":{"line":235,"column":76}},"locations":[{"start":{"line":235,"column":15},"end":{"line":235,"column":76}}]},"44":{"type":"branch","line":236,"loc":{"start":{"line":236,"column":16},"end":{"line":236,"column":76}},"locations":[{"start":{"line":236,"column":16},"end":{"line":236,"column":76}}]},"45":{"type":"branch","line":241,"loc":{"start":{"line":241,"column":15},"end":{"line":241,"column":74}},"locations":[{"start":{"line":241,"column":15},"end":{"line":241,"column":74}}]},"46":{"type":"branch","line":242,"loc":{"start":{"line":242,"column":16},"end":{"line":242,"column":78}},"locations":[{"start":{"line":242,"column":16},"end":{"line":242,"column":78}}]},"47":{"type":"branch","line":248,"loc":{"start":{"line":248,"column":28},"end":{"line":272,"column":2}},"locations":[{"start":{"line":248,"column":28},"end":{"line":272,"column":2}}]},"48":{"type":"branch","line":255,"loc":{"start":{"line":255,"column":6},"end":{"line":255,"column":27}},"locations":[{"start":{"line":255,"column":6},"end":{"line":255,"column":27}}]},"49":{"type":"branch","line":255,"loc":{"start":{"line":255,"column":27},"end":{"line":257,"column":3}},"locations":[{"start":{"line":255,"column":27},"end":{"line":257,"column":3}}]},"50":{"type":"branch","line":257,"loc":{"start":{"line":257,"column":2},"end":{"line":260,"column":27}},"locations":[{"start":{"line":257,"column":2},"end":{"line":260,"column":27}}]},"51":{"type":"branch","line":260,"loc":{"start":{"line":260,"column":23},"end":{"line":260,"column":54}},"locations":[{"start":{"line":260,"column":23},"end":{"line":260,"column":54}}]},"52":{"type":"branch","line":261,"loc":{"start":{"line":261,"column":19},"end":{"line":263,"column":3}},"locations":[{"start":{"line":261,"column":19},"end":{"line":263,"column":3}}]},"53":{"type":"branch","line":263,"loc":{"start":{"line":263,"column":2},"end":{"line":267,"column":29}},"locations":[{"start":{"line":263,"column":2},"end":{"line":267,"column":29}}]},"54":{"type":"branch","line":267,"loc":{"start":{"line":267,"column":21},"end":{"line":267,"column":38}},"locations":[{"start":{"line":267,"column":21},"end":{"line":267,"column":38}}]},"55":{"type":"branch","line":267,"loc":{"start":{"line":267,"column":29},"end":{"line":267,"column":61}},"locations":[{"start":{"line":267,"column":29},"end":{"line":267,"column":61}}]},"56":{"type":"branch","line":270,"loc":{"start":{"line":270,"column":12},"end":{"line":270,"column":34}},"locations":[{"start":{"line":270,"column":12},"end":{"line":270,"column":34}}]},"57":{"type":"branch","line":271,"loc":{"start":{"line":271,"column":12},"end":{"line":271,"column":53}},"locations":[{"start":{"line":271,"column":12},"end":{"line":271,"column":53}}]},"58":{"type":"branch","line":271,"loc":{"start":{"line":271,"column":29},"end":{"line":271,"column":44}},"locations":[{"start":{"line":271,"column":29},"end":{"line":271,"column":44}}]},"59":{"type":"branch","line":271,"loc":{"start":{"line":271,"column":37},"end":{"line":271,"column":53}},"locations":[{"start":{"line":271,"column":37},"end":{"line":271,"column":53}}]},"60":{"type":"branch","line":284,"loc":{"start":{"line":284,"column":25},"end":{"line":290,"column":2}},"locations":[{"start":{"line":284,"column":25},"end":{"line":290,"column":2}}]}},"b":{"0":[1],"1":[1],"2":[101],"3":[35],"4":[18],"5":[68],"6":[18],"7":[90],"8":[18],"9":[90],"10":[58],"11":[31],"12":[27],"13":[45],"14":[41],"15":[4],"16":[3],"17":[1],"18":[10],"19":[0],"20":[7],"21":[204],"22":[803],"23":[435],"24":[306],"25":[306],"26":[803],"27":[705],"28":[535],"29":[408],"30":[653],"31":[302],"32":[351],"33":[267],"34":[84],"35":[58],"36":[53],"37":[48],"38":[45],"39":[226],"40":[226],"41":[205],"42":[205],"43":[192],"44":[192],"45":[180],"46":[180],"47":[77],"48":[58],"49":[19],"50":[58],"51":[10],"52":[0],"53":[58],"54":[16],"55":[42],"56":[58],"57":[58],"58":[42],"59":[16],"60":[1]},"fnMap":{"0":{"name":"useGame","decl":{"start":{"line":26,"column":23},"end":{"line":88,"column":2}},"loc":{"start":{"line":26,"column":23},"end":{"line":88,"column":2}},"line":26},"1":{"name":"emptyFunction","decl":{"start":{"line":92,"column":22},"end":{"line":92,"column":31}},"loc":{"start":{"line":92,"column":22},"end":{"line":92,"column":31}},"line":92},"2":{"name":"useGameFromContext","decl":{"start":{"line":123,"column":27},"end":{"line":123,"column":57}},"loc":{"start":{"line":123,"column":27},"end":{"line":123,"column":57}},"line":123},"3":{"name":"gameGetCellColor","decl":{"start":{"line":125,"column":32},"end":{"line":127,"column":2}},"loc":{"start":{"line":125,"column":32},"end":{"line":127,"column":2}},"line":125},"4":{"name":"gameTogglePlayer","decl":{"start":{"line":129,"column":32},"end":{"line":139,"column":2}},"loc":{"start":{"line":129,"column":32},"end":{"line":139,"column":2}},"line":129},"5":{"name":"gameIsFullColumn","decl":{"start":{"line":141,"column":32},"end":{"line":144,"column":2}},"loc":{"start":{"line":141,"column":32},"end":{"line":144,"column":2}},"line":141},"6":{"name":"gameFindNextRow","decl":{"start":{"line":146,"column":31},"end":{"line":165,"column":2}},"loc":{"start":{"line":146,"column":31},"end":{"line":165,"column":2}},"line":146},"7":{"name":"gameHasWiningPiecesInThisDirection","decl":{"start":{"line":173,"column":50},"end":{"line":212,"column":2}},"loc":{"start":{"line":173,"column":50},"end":{"line":212,"column":2}},"line":173},"8":{"name":"gameHasWinner","decl":{"start":{"line":214,"column":29},"end":{"line":246,"column":2}},"loc":{"start":{"line":214,"column":29},"end":{"line":246,"column":2}},"line":214},"9":{"name":"forward","decl":{"start":{"line":223,"column":15},"end":{"line":223,"column":61}},"loc":{"start":{"line":223,"column":15},"end":{"line":223,"column":61}},"line":223},"10":{"name":"backward","decl":{"start":{"line":224,"column":16},"end":{"line":224,"column":64}},"loc":{"start":{"line":224,"column":16},"end":{"line":224,"column":64}},"line":224},"11":{"name":"forward","decl":{"start":{"line":229,"column":15},"end":{"line":229,"column":58}},"loc":{"start":{"line":229,"column":15},"end":{"line":229,"column":58}},"line":229},"12":{"name":"backward","decl":{"start":{"line":230,"column":16},"end":{"line":230,"column":65}},"loc":{"start":{"line":230,"column":16},"end":{"line":230,"column":65}},"line":230},"13":{"name":"forward","decl":{"start":{"line":235,"column":15},"end":{"line":235,"column":76}},"loc":{"start":{"line":235,"column":15},"end":{"line":235,"column":76}},"line":235},"14":{"name":"backward","decl":{"start":{"line":236,"column":16},"end":{"line":236,"column":76}},"loc":{"start":{"line":236,"column":16},"end":{"line":236,"column":76}},"line":236},"15":{"name":"forward","decl":{"start":{"line":241,"column":15},"end":{"line":241,"column":74}},"loc":{"start":{"line":241,"column":15},"end":{"line":241,"column":74}},"line":241},"16":{"name":"backward","decl":{"start":{"line":242,"column":16},"end":{"line":242,"column":78}},"loc":{"start":{"line":242,"column":16},"end":{"line":242,"column":78}},"line":242},"17":{"name":"gameAddPiece","decl":{"start":{"line":248,"column":28},"end":{"line":272,"column":2}},"loc":{"start":{"line":248,"column":28},"end":{"line":272,"column":2}},"line":248},"18":{"name":"gameOpenConfigDialog","decl":{"start":{"line":274,"column":36},"end":{"line":277,"column":2}},"loc":{"start":{"line":274,"column":36},"end":{"line":277,"column":2}},"line":274},"19":{"name":"gameCloseConfigDialog","decl":{"start":{"line":279,"column":37},"end":{"line":282,"column":2}},"loc":{"start":{"line":279,"column":37},"end":{"line":282,"column":2}},"line":279},"20":{"name":"gameReset","decl":{"start":{"line":284,"column":25},"end":{"line":290,"column":2}},"loc":{"start":{"line":284,"column":25},"end":{"line":290,"column":2}},"line":284},"21":{"name":"gameCellGridArea","decl":{"start":{"line":292,"column":32},"end":{"line":297,"column":2}},"loc":{"start":{"line":292,"column":32},"end":{"line":297,"column":2}},"line":292},"22":{"name":"GameCellStyle","decl":{"start":{"line":299,"column":22},"end":{"line":315,"column":2}},"loc":{"start":{"line":299,"column":22},"end":{"line":315,"column":2}},"line":299},"23":{"name":"GameBoardStyle","decl":{"start":{"line":317,"column":23},"end":{"line":337,"column":2}},"loc":{"start":{"line":317,"column":23},"end":{"line":337,"column":2}},"line":317},"24":{"name":"GameCells","decl":{"start":{"line":339,"column":25},"end":{"line":358,"column":2}},"loc":{"start":{"line":339,"column":25},"end":{"line":358,"column":2}},"line":339},"25":{"name":"GamePieces","decl":{"start":{"line":360,"column":26},"end":{"line":374,"column":2}},"loc":{"start":{"line":360,"column":26},"end":{"line":374,"column":2}},"line":360},"26":{"name":"GameBoard","decl":{"start":{"line":376,"column":25},"end":{"line":381,"column":2}},"loc":{"start":{"line":376,"column":25},"end":{"line":381,"column":2}},"line":376},"27":{"name":"GameConfig","decl":{"start":{"line":410,"column":26},"end":{"line":448,"column":2}},"loc":{"start":{"line":410,"column":26},"end":{"line":448,"column":2}},"line":410},"28":{"name":"GameHeaderPlayerStyle","decl":{"start":{"line":450,"column":37},"end":{"line":457,"column":2}},"loc":{"start":{"line":450,"column":37},"end":{"line":457,"column":2}},"line":450},"29":{"name":"GameHeader","decl":{"start":{"line":459,"column":26},"end":{"line":488,"column":2}},"loc":{"start":{"line":459,"column":26},"end":{"line":488,"column":2}},"line":459},"30":{"name":"Game","decl":{"start":{"line":490,"column":20},"end":{"line":499,"column":2}},"loc":{"start":{"line":490,"column":20},"end":{"line":499,"column":2}},"line":490},"31":{"name":"GameProvider","decl":{"start":{"line":501,"column":28},"end":{"line":510,"column":2}},"loc":{"start":{"line":501,"column":28},"end":{"line":510,"column":2}},"line":501},"32":{"name":"App","decl":{"start":{"line":512,"column":19},"end":{"line":518,"column":2}},"loc":{"start":{"line":512,"column":19},"end":{"line":518,"column":2}},"line":512}},"f":{"0":101,"1":0,"2":0,"3":58,"4":45,"5":0,"6":10,"7":204,"8":58,"9":226,"10":226,"11":205,"12":205,"13":192,"14":192,"15":180,"16":180,"17":77,"18":0,"19":0,"20":1,"21":0,"22":0,"23":0,"24":0,"25":0,"26":0,"27":0,"28":0,"29":0,"30":0,"31":0,"32":0}}
}
